{"/Users/chukwukagreatugbome/fedex-clone-educational/backend/server.js": {"path":"/Users/chukwukagreatugbome/fedex-clone-educational/backend/server.js","statementMap":{"0":{"start":{"line":1,"column":0},"end":{"line":1,"column":27}},"1":{"start":{"line":2,"column":18},"end":{"line":2,"column":47}},"2":{"start":{"line":3,"column":14},"end":{"line":3,"column":39}},"3":{"start":{"line":4,"column":16},"end":{"line":4,"column":34}},"4":{"start":{"line":5,"column":13},"end":{"line":5,"column":28}},"5":{"start":{"line":6,"column":15},"end":{"line":6,"column":32}},"6":{"start":{"line":7,"column":15},"end":{"line":7,"column":34}},"7":{"start":{"line":8,"column":17},"end":{"line":8,"column":36}},"8":{"start":{"line":9,"column":19},"end":{"line":9,"column":40}},"9":{"start":{"line":10,"column":15},"end":{"line":10,"column":32}},"10":{"start":{"line":11,"column":18},"end":{"line":11,"column":47}},"11":{"start":{"line":12,"column":13},"end":{"line":12,"column":28}},"12":{"start":{"line":13,"column":11},"end":{"line":13,"column":24}},"13":{"start":{"line":16,"column":17},"end":{"line":16,"column":45}},"14":{"start":{"line":17,"column":16},"end":{"line":17,"column":43}},"15":{"start":{"line":18,"column":20},"end":{"line":18,"column":55}},"16":{"start":{"line":21,"column":0},"end":{"line":26,"column":1}},"17":{"start":{"line":22,"column":4},"end":{"line":22,"column":26}},"18":{"start":{"line":23,"column":4},"end":{"line":23,"column":48}},"19":{"start":{"line":25,"column":4},"end":{"line":25,"column":68}},"20":{"start":{"line":28,"column":12},"end":{"line":28,"column":21}},"21":{"start":{"line":29,"column":0},"end":{"line":29,"column":26}},"22":{"start":{"line":30,"column":13},"end":{"line":30,"column":37}},"23":{"start":{"line":33,"column":21},"end":{"line":33,"column":112}},"24":{"start":{"line":34,"column":17},"end":{"line":34,"column":116}},"25":{"start":{"line":36,"column":0},"end":{"line":36,"column":87}},"26":{"start":{"line":37,"column":0},"end":{"line":37,"column":38}},"27":{"start":{"line":40,"column":0},"end":{"line":46,"column":3}},"28":{"start":{"line":41,"column":4},"end":{"line":41,"column":55}},"29":{"start":{"line":42,"column":4},"end":{"line":42,"column":45}},"30":{"start":{"line":43,"column":4},"end":{"line":43,"column":55}},"31":{"start":{"line":44,"column":4},"end":{"line":44,"column":86}},"32":{"start":{"line":45,"column":4},"end":{"line":45,"column":11}},"33":{"start":{"line":48,"column":0},"end":{"line":53,"column":4}},"34":{"start":{"line":54,"column":0},"end":{"line":54,"column":41}},"35":{"start":{"line":55,"column":0},"end":{"line":55,"column":63}},"36":{"start":{"line":56,"column":0},"end":{"line":56,"column":69}},"37":{"start":{"line":59,"column":24},"end":{"line":65,"column":1}},"38":{"start":{"line":60,"column":27},"end":{"line":60,"column":67}},"39":{"start":{"line":61,"column":4},"end":{"line":63,"column":5}},"40":{"start":{"line":62,"column":8},"end":{"line":62,"column":89}},"41":{"start":{"line":62,"column":77},"end":{"line":62,"column":86}},"42":{"start":{"line":64,"column":4},"end":{"line":64,"column":43}},"43":{"start":{"line":68,"column":16},"end":{"line":75,"column":2}},"44":{"start":{"line":76,"column":0},"end":{"line":76,"column":25}},"45":{"start":{"line":79,"column":21},"end":{"line":86,"column":2}},"46":{"start":{"line":87,"column":0},"end":{"line":87,"column":41}},"47":{"start":{"line":90,"column":26},"end":{"line":97,"column":2}},"48":{"start":{"line":98,"column":0},"end":{"line":98,"column":139}},"49":{"start":{"line":101,"column":24},"end":{"line":124,"column":1}},"50":{"start":{"line":102,"column":4},"end":{"line":105,"column":5}},"51":{"start":{"line":103,"column":8},"end":{"line":103,"column":49}},"52":{"start":{"line":104,"column":8},"end":{"line":104,"column":15}},"53":{"start":{"line":107,"column":21},"end":{"line":107,"column":85}},"54":{"start":{"line":109,"column":4},"end":{"line":123,"column":5}},"55":{"start":{"line":110,"column":8},"end":{"line":112,"column":11}},"56":{"start":{"line":113,"column":8},"end":{"line":113,"column":56}},"57":{"start":{"line":114,"column":8},"end":{"line":114,"column":29}},"58":{"start":{"line":116,"column":8},"end":{"line":116,"column":68}},"59":{"start":{"line":117,"column":8},"end":{"line":117,"column":81}},"60":{"start":{"line":118,"column":8},"end":{"line":118,"column":90}},"61":{"start":{"line":119,"column":8},"end":{"line":122,"column":9}},"62":{"start":{"line":121,"column":12},"end":{"line":121,"column":76}},"63":{"start":{"line":127,"column":0},"end":{"line":127,"column":18}},"64":{"start":{"line":130,"column":0},"end":{"line":133,"column":3}},"65":{"start":{"line":131,"column":4},"end":{"line":131,"column":74}},"66":{"start":{"line":132,"column":4},"end":{"line":132,"column":11}},"67":{"start":{"line":136,"column":0},"end":{"line":136,"column":29}},"68":{"start":{"line":139,"column":0},"end":{"line":146,"column":3}},"69":{"start":{"line":140,"column":21},"end":{"line":140,"column":88}},"70":{"start":{"line":141,"column":4},"end":{"line":145,"column":7}},"71":{"start":{"line":149,"column":16},"end":{"line":160,"column":2}},"72":{"start":{"line":151,"column":20},"end":{"line":151,"column":62}},"73":{"start":{"line":152,"column":8},"end":{"line":154,"column":9}},"74":{"start":{"line":153,"column":12},"end":{"line":153,"column":51}},"75":{"start":{"line":155,"column":8},"end":{"line":155,"column":22}},"76":{"start":{"line":158,"column":8},"end":{"line":158,"column":91}},"77":{"start":{"line":161,"column":15},"end":{"line":161,"column":43}},"78":{"start":{"line":163,"column":0},"end":{"line":169,"column":3}},"79":{"start":{"line":164,"column":4},"end":{"line":166,"column":5}},"80":{"start":{"line":165,"column":8},"end":{"line":165,"column":67}},"81":{"start":{"line":167,"column":22},"end":{"line":167,"column":72}},"82":{"start":{"line":168,"column":4},"end":{"line":168,"column":69}},"83":{"start":{"line":171,"column":0},"end":{"line":174,"column":3}},"84":{"start":{"line":173,"column":4},"end":{"line":173,"column":34}},"85":{"start":{"line":176,"column":19},"end":{"line":176,"column":43}},"86":{"start":{"line":177,"column":20},"end":{"line":177,"column":45}},"87":{"start":{"line":178,"column":19},"end":{"line":178,"column":43}},"88":{"start":{"line":179,"column":23},"end":{"line":179,"column":51}},"89":{"start":{"line":180,"column":19},"end":{"line":180,"column":43}},"90":{"start":{"line":182,"column":0},"end":{"line":182,"column":33}},"91":{"start":{"line":183,"column":0},"end":{"line":183,"column":29}},"92":{"start":{"line":184,"column":0},"end":{"line":184,"column":28}},"93":{"start":{"line":185,"column":0},"end":{"line":185,"column":32}},"94":{"start":{"line":186,"column":0},"end":{"line":186,"column":28}},"95":{"start":{"line":188,"column":0},"end":{"line":188,"column":45}},"96":{"start":{"line":189,"column":0},"end":{"line":189,"column":18}},"97":{"start":{"line":192,"column":0},"end":{"line":197,"column":1}},"98":{"start":{"line":193,"column":4},"end":{"line":193,"column":65}},"99":{"start":{"line":194,"column":4},"end":{"line":196,"column":7}},"100":{"start":{"line":195,"column":8},"end":{"line":195,"column":74}},"101":{"start":{"line":201,"column":4},"end":{"line":262,"column":5}},"102":{"start":{"line":202,"column":8},"end":{"line":205,"column":9}},"103":{"start":{"line":203,"column":12},"end":{"line":203,"column":65}},"104":{"start":{"line":204,"column":12},"end":{"line":204,"column":19}},"105":{"start":{"line":207,"column":26},"end":{"line":207,"column":57}},"106":{"start":{"line":208,"column":8},"end":{"line":246,"column":9}},"107":{"start":{"line":209,"column":12},"end":{"line":209,"column":56}},"108":{"start":{"line":210,"column":12},"end":{"line":227,"column":15}},"109":{"start":{"line":228,"column":12},"end":{"line":244,"column":15}},"110":{"start":{"line":245,"column":12},"end":{"line":245,"column":57}},"111":{"start":{"line":248,"column":29},"end":{"line":248,"column":59}},"112":{"start":{"line":249,"column":8},"end":{"line":259,"column":9}},"113":{"start":{"line":250,"column":12},"end":{"line":253,"column":15}},"114":{"start":{"line":254,"column":12},"end":{"line":257,"column":15}},"115":{"start":{"line":258,"column":12},"end":{"line":258,"column":56}},"116":{"start":{"line":261,"column":8},"end":{"line":261,"column":64}}},"fnMap":{"0":{"name":"(anonymous_0)","decl":{"start":{"line":40,"column":8},"end":{"line":40,"column":9}},"loc":{"start":{"line":40,"column":28},"end":{"line":46,"column":1}},"line":40},"1":{"name":"(anonymous_1)","decl":{"start":{"line":59,"column":24},"end":{"line":59,"column":25}},"loc":{"start":{"line":59,"column":33},"end":{"line":65,"column":1}},"line":59},"2":{"name":"(anonymous_2)","decl":{"start":{"line":62,"column":71},"end":{"line":62,"column":72}},"loc":{"start":{"line":62,"column":77},"end":{"line":62,"column":86}},"line":62},"3":{"name":"(anonymous_3)","decl":{"start":{"line":101,"column":24},"end":{"line":101,"column":25}},"loc":{"start":{"line":101,"column":36},"end":{"line":124,"column":1}},"line":101},"4":{"name":"(anonymous_4)","decl":{"start":{"line":130,"column":8},"end":{"line":130,"column":9}},"loc":{"start":{"line":130,"column":28},"end":{"line":133,"column":1}},"line":130},"5":{"name":"(anonymous_5)","decl":{"start":{"line":139,"column":19},"end":{"line":139,"column":20}},"loc":{"start":{"line":139,"column":33},"end":{"line":146,"column":1}},"line":139},"6":{"name":"(anonymous_6)","decl":{"start":{"line":150,"column":17},"end":{"line":150,"column":18}},"loc":{"start":{"line":150,"column":42},"end":{"line":156,"column":5}},"line":150},"7":{"name":"(anonymous_7)","decl":{"start":{"line":157,"column":14},"end":{"line":157,"column":15}},"loc":{"start":{"line":157,"column":39},"end":{"line":159,"column":5}},"line":157},"8":{"name":"(anonymous_8)","decl":{"start":{"line":163,"column":67},"end":{"line":163,"column":68}},"loc":{"start":{"line":163,"column":87},"end":{"line":169,"column":1}},"line":163},"9":{"name":"(anonymous_9)","decl":{"start":{"line":171,"column":41},"end":{"line":171,"column":42}},"loc":{"start":{"line":171,"column":61},"end":{"line":174,"column":1}},"line":171},"10":{"name":"(anonymous_10)","decl":{"start":{"line":194,"column":21},"end":{"line":194,"column":22}},"loc":{"start":{"line":194,"column":27},"end":{"line":196,"column":5}},"line":194},"11":{"name":"seedDatabase","decl":{"start":{"line":200,"column":15},"end":{"line":200,"column":27}},"loc":{"start":{"line":200,"column":30},"end":{"line":263,"column":1}},"line":200}},"branchMap":{"0":{"loc":{"start":{"line":30,"column":13},"end":{"line":30,"column":37}},"type":"binary-expr","locations":[{"start":{"line":30,"column":13},"end":{"line":30,"column":29}},{"start":{"line":30,"column":33},"end":{"line":30,"column":37}}],"line":30},"1":{"loc":{"start":{"line":33,"column":21},"end":{"line":33,"column":112}},"type":"binary-expr","locations":[{"start":{"line":33,"column":21},"end":{"line":33,"column":58}},{"start":{"line":33,"column":62},"end":{"line":33,"column":87}},{"start":{"line":33,"column":91},"end":{"line":33,"column":112}}],"line":33},"2":{"loc":{"start":{"line":34,"column":17},"end":{"line":34,"column":116}},"type":"binary-expr","locations":[{"start":{"line":34,"column":17},"end":{"line":34,"column":37}},{"start":{"line":34,"column":42},"end":{"line":34,"column":115}}],"line":34},"3":{"loc":{"start":{"line":34,"column":42},"end":{"line":34,"column":115}},"type":"cond-expr","locations":[{"start":{"line":34,"column":57},"end":{"line":34,"column":86}},{"start":{"line":34,"column":89},"end":{"line":34,"column":115}}],"line":34},"4":{"loc":{"start":{"line":36,"column":31},"end":{"line":36,"column":85}},"type":"cond-expr","locations":[{"start":{"line":36,"column":46},"end":{"line":36,"column":69}},{"start":{"line":36,"column":72},"end":{"line":36,"column":85}}],"line":36},"5":{"loc":{"start":{"line":50,"column":12},"end":{"line":50,"column":114}},"type":"cond-expr","locations":[{"start":{"line":50,"column":42},"end":{"line":50,"column":80}},{"start":{"line":50,"column":84},"end":{"line":50,"column":113}}],"line":50},"6":{"loc":{"start":{"line":50,"column":84},"end":{"line":50,"column":113}},"type":"cond-expr","locations":[{"start":{"line":50,"column":99},"end":{"line":50,"column":107}},{"start":{"line":50,"column":110},"end":{"line":50,"column":113}}],"line":50},"7":{"loc":{"start":{"line":61,"column":4},"end":{"line":63,"column":5}},"type":"if","locations":[{"start":{"line":61,"column":4},"end":{"line":63,"column":5}},{"start":{},"end":{}}],"line":61},"8":{"loc":{"start":{"line":102,"column":4},"end":{"line":105,"column":5}},"type":"if","locations":[{"start":{"line":102,"column":4},"end":{"line":105,"column":5}},{"start":{},"end":{}}],"line":102},"9":{"loc":{"start":{"line":107,"column":21},"end":{"line":107,"column":85}},"type":"binary-expr","locations":[{"start":{"line":107,"column":21},"end":{"line":107,"column":42}},{"start":{"line":107,"column":46},"end":{"line":107,"column":85}}],"line":107},"10":{"loc":{"start":{"line":119,"column":8},"end":{"line":122,"column":9}},"type":"if","locations":[{"start":{"line":119,"column":8},"end":{"line":122,"column":9}},{"start":{},"end":{}}],"line":119},"11":{"loc":{"start":{"line":140,"column":21},"end":{"line":140,"column":88}},"type":"cond-expr","locations":[{"start":{"line":140,"column":60},"end":{"line":140,"column":71}},{"start":{"line":140,"column":74},"end":{"line":140,"column":88}}],"line":140},"12":{"loc":{"start":{"line":152,"column":8},"end":{"line":154,"column":9}},"type":"if","locations":[{"start":{"line":152,"column":8},"end":{"line":154,"column":9}},{"start":{},"end":{}}],"line":152},"13":{"loc":{"start":{"line":164,"column":4},"end":{"line":166,"column":5}},"type":"if","locations":[{"start":{"line":164,"column":4},"end":{"line":166,"column":5}},{"start":{},"end":{}}],"line":164},"14":{"loc":{"start":{"line":192,"column":0},"end":{"line":197,"column":1}},"type":"if","locations":[{"start":{"line":192,"column":0},"end":{"line":197,"column":1}},{"start":{},"end":{}}],"line":192},"15":{"loc":{"start":{"line":202,"column":8},"end":{"line":205,"column":9}},"type":"if","locations":[{"start":{"line":202,"column":8},"end":{"line":205,"column":9}},{"start":{},"end":{}}],"line":202},"16":{"loc":{"start":{"line":208,"column":8},"end":{"line":246,"column":9}},"type":"if","locations":[{"start":{"line":208,"column":8},"end":{"line":246,"column":9}},{"start":{},"end":{}}],"line":208},"17":{"loc":{"start":{"line":249,"column":8},"end":{"line":259,"column":9}},"type":"if","locations":[{"start":{"line":249,"column":8},"end":{"line":259,"column":9}},{"start":{},"end":{}}],"line":249}},"s":{"0":4,"1":4,"2":4,"3":4,"4":4,"5":4,"6":4,"7":4,"8":4,"9":4,"10":4,"11":4,"12":4,"13":4,"14":4,"15":4,"16":4,"17":4,"18":4,"19":0,"20":4,"21":4,"22":4,"23":4,"24":4,"25":4,"26":4,"27":4,"28":23,"29":23,"30":23,"31":23,"32":23,"33":4,"34":4,"35":4,"36":4,"37":4,"38":38,"39":38,"40":0,"41":0,"42":38,"43":4,"44":4,"45":4,"46":4,"47":4,"48":4,"49":4,"50":4,"51":4,"52":4,"53":0,"54":0,"55":0,"56":0,"57":0,"58":0,"59":0,"60":0,"61":0,"62":0,"63":4,"64":4,"65":22,"66":22,"67":4,"68":4,"69":0,"70":0,"71":4,"72":0,"73":0,"74":0,"75":0,"76":0,"77":4,"78":4,"79":0,"80":0,"81":0,"82":0,"83":4,"84":0,"85":4,"86":4,"87":4,"88":4,"89":4,"90":4,"91":4,"92":4,"93":4,"94":4,"95":4,"96":4,"97":4,"98":0,"99":0,"100":0,"101":0,"102":0,"103":0,"104":0,"105":0,"106":0,"107":0,"108":0,"109":0,"110":0,"111":0,"112":0,"113":0,"114":0,"115":0,"116":0},"f":{"0":23,"1":38,"2":0,"3":4,"4":22,"5":0,"6":0,"7":0,"8":0,"9":0,"10":0,"11":0},"b":{"0":[4,4],"1":[4,4,4],"2":[4,0],"3":[0,0],"4":[0,4],"5":[4,0],"6":[0,0],"7":[0,38],"8":[4,0],"9":[0,0],"10":[0,0],"11":[0,0],"12":[0,0],"13":[0,0],"14":[0,4],"15":[0,0],"16":[0,0],"17":[0,0]},"_coverageSchema":"1a1c01bbd47fc00a2c39e90264f33305004495a9","hash":"546b72ea178fc20c19060dbdb5b4d694b916608d"}
,"/Users/chukwukagreatugbome/fedex-clone-educational/backend/controllers/admin.js": {"path":"/Users/chukwukagreatugbome/fedex-clone-educational/backend/controllers/admin.js","statementMap":{"0":{"start":{"line":1,"column":17},"end":{"line":1,"column":46}},"1":{"start":{"line":2,"column":13},"end":{"line":2,"column":38}},"2":{"start":{"line":3,"column":17},"end":{"line":3,"column":46}},"3":{"start":{"line":4,"column":14},"end":{"line":4,"column":40}},"4":{"start":{"line":5,"column":17},"end":{"line":5,"column":46}},"5":{"start":{"line":6,"column":47},"end":{"line":6,"column":72}},"6":{"start":{"line":7,"column":15},"end":{"line":7,"column":34}},"7":{"start":{"line":8,"column":15},"end":{"line":8,"column":32}},"8":{"start":{"line":9,"column":0},"end":{"line":9,"column":27}},"9":{"start":{"line":11,"column":17},"end":{"line":11,"column":130}},"10":{"start":{"line":13,"column":20},"end":{"line":22,"column":1}},"11":{"start":{"line":14,"column":21},"end":{"line":14,"column":44}},"12":{"start":{"line":15,"column":19},"end":{"line":20,"column":7}},"13":{"start":{"line":15,"column":38},"end":{"line":20,"column":5}},"14":{"start":{"line":21,"column":4},"end":{"line":21,"column":21}},"15":{"start":{"line":24,"column":29},"end":{"line":29,"column":1}},"16":{"start":{"line":25,"column":18},"end":{"line":25,"column":96}},"17":{"start":{"line":26,"column":19},"end":{"line":26,"column":21}},"18":{"start":{"line":27,"column":4},"end":{"line":27,"column":61}},"19":{"start":{"line":27,"column":23},"end":{"line":27,"column":59}},"20":{"start":{"line":28,"column":4},"end":{"line":28,"column":21}},"21":{"start":{"line":31,"column":30},"end":{"line":36,"column":1}},"22":{"start":{"line":32,"column":18},"end":{"line":32,"column":97}},"23":{"start":{"line":33,"column":19},"end":{"line":33,"column":21}},"24":{"start":{"line":34,"column":4},"end":{"line":34,"column":61}},"25":{"start":{"line":34,"column":23},"end":{"line":34,"column":59}},"26":{"start":{"line":35,"column":4},"end":{"line":35,"column":21}},"27":{"start":{"line":38,"column":30},"end":{"line":49,"column":1}},"28":{"start":{"line":39,"column":18},"end":{"line":39,"column":20}},"29":{"start":{"line":40,"column":18},"end":{"line":40,"column":28}},"30":{"start":{"line":41,"column":4},"end":{"line":47,"column":5}},"31":{"start":{"line":41,"column":17},"end":{"line":41,"column":18}},"32":{"start":{"line":42,"column":18},"end":{"line":42,"column":33}},"33":{"start":{"line":43,"column":8},"end":{"line":43,"column":39}},"34":{"start":{"line":44,"column":24},"end":{"line":44,"column":75}},"35":{"start":{"line":46,"column":8},"end":{"line":46,"column":55}},"36":{"start":{"line":48,"column":4},"end":{"line":48,"column":20}},"37":{"start":{"line":51,"column":31},"end":{"line":54,"column":1}},"38":{"start":{"line":53,"column":4},"end":{"line":53,"column":98}},"39":{"start":{"line":56,"column":28},"end":{"line":67,"column":1}},"40":{"start":{"line":57,"column":22},"end":{"line":57,"column":60}},"41":{"start":{"line":58,"column":18},"end":{"line":58,"column":20}},"42":{"start":{"line":59,"column":4},"end":{"line":65,"column":7}},"43":{"start":{"line":60,"column":8},"end":{"line":64,"column":9}},"44":{"start":{"line":61,"column":26},"end":{"line":61,"column":50}},"45":{"start":{"line":62,"column":26},"end":{"line":62,"column":101}},"46":{"start":{"line":63,"column":12},"end":{"line":63,"column":51}},"47":{"start":{"line":66,"column":4},"end":{"line":66,"column":20}},"48":{"start":{"line":69,"column":20},"end":{"line":76,"column":1}},"49":{"start":{"line":70,"column":18},"end":{"line":74,"column":6}},"50":{"start":{"line":75,"column":4},"end":{"line":75,"column":77}},"51":{"start":{"line":75,"column":29},"end":{"line":75,"column":73}},"52":{"start":{"line":78,"column":19},"end":{"line":82,"column":1}},"53":{"start":{"line":79,"column":18},"end":{"line":79,"column":49}},"54":{"start":{"line":81,"column":4},"end":{"line":81,"column":69}},"55":{"start":{"line":84,"column":29},"end":{"line":87,"column":1}},"56":{"start":{"line":86,"column":4},"end":{"line":86,"column":17}},"57":{"start":{"line":89,"column":21},"end":{"line":92,"column":1}},"58":{"start":{"line":90,"column":17},"end":{"line":90,"column":72}},"59":{"start":{"line":91,"column":4},"end":{"line":91,"column":69}},"60":{"start":{"line":91,"column":28},"end":{"line":91,"column":65}},"61":{"start":{"line":94,"column":23},"end":{"line":97,"column":1}},"62":{"start":{"line":95,"column":4},"end":{"line":95,"column":34}},"63":{"start":{"line":96,"column":4},"end":{"line":96,"column":48}},"64":{"start":{"line":99,"column":21},"end":{"line":102,"column":1}},"65":{"start":{"line":100,"column":17},"end":{"line":100,"column":40}},"66":{"start":{"line":101,"column":4},"end":{"line":101,"column":19}},"67":{"start":{"line":104,"column":29},"end":{"line":104,"column":57}},"68":{"start":{"line":106,"column":23},"end":{"line":116,"column":1}},"69":{"start":{"line":107,"column":19},"end":{"line":107,"column":40}},"70":{"start":{"line":108,"column":4},"end":{"line":110,"column":5}},"71":{"start":{"line":109,"column":8},"end":{"line":109,"column":64}},"72":{"start":{"line":111,"column":36},"end":{"line":111,"column":44}},"73":{"start":{"line":112,"column":15},"end":{"line":112,"column":31}},"74":{"start":{"line":113,"column":19},"end":{"line":113,"column":60}},"75":{"start":{"line":114,"column":4},"end":{"line":114,"column":24}},"76":{"start":{"line":115,"column":4},"end":{"line":115,"column":21}},"77":{"start":{"line":118,"column":23},"end":{"line":126,"column":1}},"78":{"start":{"line":119,"column":19},"end":{"line":119,"column":40}},"79":{"start":{"line":120,"column":4},"end":{"line":122,"column":5}},"80":{"start":{"line":121,"column":8},"end":{"line":121,"column":64}},"81":{"start":{"line":123,"column":19},"end":{"line":123,"column":29}},"82":{"start":{"line":124,"column":4},"end":{"line":124,"column":54}},"83":{"start":{"line":125,"column":4},"end":{"line":125,"column":46}},"84":{"start":{"line":128,"column":23},"end":{"line":132,"column":1}},"85":{"start":{"line":129,"column":19},"end":{"line":129,"column":29}},"86":{"start":{"line":130,"column":4},"end":{"line":130,"column":37}},"87":{"start":{"line":131,"column":4},"end":{"line":131,"column":46}},"88":{"start":{"line":134,"column":17},"end":{"line":137,"column":1}},"89":{"start":{"line":135,"column":18},"end":{"line":135,"column":64}},"90":{"start":{"line":136,"column":4},"end":{"line":136,"column":20}},"91":{"start":{"line":139,"column":19},"end":{"line":153,"column":1}},"92":{"start":{"line":140,"column":19},"end":{"line":140,"column":40}},"93":{"start":{"line":141,"column":4},"end":{"line":143,"column":5}},"94":{"start":{"line":142,"column":8},"end":{"line":142,"column":64}},"95":{"start":{"line":144,"column":48},"end":{"line":144,"column":56}},"96":{"start":{"line":145,"column":21},"end":{"line":145,"column":53}},"97":{"start":{"line":146,"column":4},"end":{"line":146,"column":80}},"98":{"start":{"line":146,"column":18},"end":{"line":146,"column":80}},"99":{"start":{"line":148,"column":17},"end":{"line":148,"column":67}},"100":{"start":{"line":149,"column":27},"end":{"line":149,"column":54}},"101":{"start":{"line":150,"column":20},"end":{"line":150,"column":81}},"102":{"start":{"line":151,"column":4},"end":{"line":151,"column":25}},"103":{"start":{"line":152,"column":4},"end":{"line":152,"column":42}},"104":{"start":{"line":155,"column":19},"end":{"line":173,"column":1}},"105":{"start":{"line":156,"column":19},"end":{"line":156,"column":40}},"106":{"start":{"line":157,"column":4},"end":{"line":159,"column":5}},"107":{"start":{"line":158,"column":8},"end":{"line":158,"column":64}},"108":{"start":{"line":160,"column":19},"end":{"line":160,"column":29}},"109":{"start":{"line":161,"column":48},"end":{"line":161,"column":56}},"110":{"start":{"line":163,"column":17},"end":{"line":163,"column":40}},"111":{"start":{"line":164,"column":4},"end":{"line":164,"column":72}},"112":{"start":{"line":164,"column":15},"end":{"line":164,"column":72}},"113":{"start":{"line":166,"column":4},"end":{"line":166,"column":43}},"114":{"start":{"line":166,"column":18},"end":{"line":166,"column":43}},"115":{"start":{"line":167,"column":4},"end":{"line":167,"column":31}},"116":{"start":{"line":167,"column":14},"end":{"line":167,"column":31}},"117":{"start":{"line":168,"column":4},"end":{"line":168,"column":34}},"118":{"start":{"line":168,"column":15},"end":{"line":168,"column":34}},"119":{"start":{"line":169,"column":4},"end":{"line":169,"column":92}},"120":{"start":{"line":169,"column":44},"end":{"line":169,"column":92}},"121":{"start":{"line":171,"column":4},"end":{"line":171,"column":22}},"122":{"start":{"line":172,"column":4},"end":{"line":172,"column":42}},"123":{"start":{"line":175,"column":19},"end":{"line":183,"column":1}},"124":{"start":{"line":176,"column":19},"end":{"line":176,"column":29}},"125":{"start":{"line":177,"column":4},"end":{"line":182,"column":5}},"126":{"start":{"line":178,"column":8},"end":{"line":178,"column":41}},"127":{"start":{"line":179,"column":8},"end":{"line":179,"column":46}},"128":{"start":{"line":181,"column":8},"end":{"line":181,"column":51}},"129":{"start":{"line":185,"column":18},"end":{"line":217,"column":1}},"130":{"start":{"line":186,"column":19},"end":{"line":186,"column":40}},"131":{"start":{"line":187,"column":4},"end":{"line":189,"column":5}},"132":{"start":{"line":188,"column":8},"end":{"line":188,"column":64}},"133":{"start":{"line":190,"column":49},"end":{"line":190,"column":57}},"134":{"start":{"line":192,"column":24},"end":{"line":195,"column":12}},"135":{"start":{"line":192,"column":59},"end":{"line":195,"column":5}},"136":{"start":{"line":197,"column":24},"end":{"line":204,"column":5}},"137":{"start":{"line":206,"column":4},"end":{"line":216,"column":7}},"138":{"start":{"line":207,"column":8},"end":{"line":207,"column":79}},"139":{"start":{"line":207,"column":17},"end":{"line":207,"column":79}},"140":{"start":{"line":210,"column":8},"end":{"line":210,"column":83}},"141":{"start":{"line":213,"column":8},"end":{"line":213,"column":60}},"142":{"start":{"line":213,"column":21},"end":{"line":213,"column":60}},"143":{"start":{"line":215,"column":8},"end":{"line":215,"column":57}},"144":{"start":{"line":219,"column":22},"end":{"line":257,"column":1}},"145":{"start":{"line":220,"column":19},"end":{"line":220,"column":40}},"146":{"start":{"line":221,"column":4},"end":{"line":223,"column":5}},"147":{"start":{"line":222,"column":8},"end":{"line":222,"column":64}},"148":{"start":{"line":224,"column":33},"end":{"line":224,"column":41}},"149":{"start":{"line":226,"column":4},"end":{"line":256,"column":5}},"150":{"start":{"line":227,"column":22},"end":{"line":227,"column":87}},"151":{"start":{"line":228,"column":23},"end":{"line":228,"column":80}},"152":{"start":{"line":228,"column":38},"end":{"line":228,"column":45}},"153":{"start":{"line":228,"column":59},"end":{"line":228,"column":79}},"154":{"start":{"line":230,"column":8},"end":{"line":232,"column":9}},"155":{"start":{"line":231,"column":12},"end":{"line":231,"column":90}},"156":{"start":{"line":234,"column":28},"end":{"line":237,"column":16}},"157":{"start":{"line":234,"column":63},"end":{"line":237,"column":9}},"158":{"start":{"line":239,"column":28},"end":{"line":245,"column":9}},"159":{"start":{"line":247,"column":8},"end":{"line":253,"column":11}},"160":{"start":{"line":248,"column":12},"end":{"line":248,"column":83}},"161":{"start":{"line":248,"column":21},"end":{"line":248,"column":83}},"162":{"start":{"line":250,"column":12},"end":{"line":250,"column":100}},"163":{"start":{"line":252,"column":12},"end":{"line":252,"column":79}},"164":{"start":{"line":255,"column":8},"end":{"line":255,"column":51}},"165":{"start":{"line":259,"column":18},"end":{"line":277,"column":1}},"166":{"start":{"line":260,"column":23},"end":{"line":260,"column":32}},"167":{"start":{"line":261,"column":17},"end":{"line":261,"column":46}},"168":{"start":{"line":262,"column":18},"end":{"line":262,"column":49}},"169":{"start":{"line":263,"column":17},"end":{"line":263,"column":35}},"170":{"start":{"line":265,"column":18},"end":{"line":265,"column":42}},"171":{"start":{"line":266,"column":4},"end":{"line":276,"column":5}},"172":{"start":{"line":267,"column":22},"end":{"line":267,"column":55}},"173":{"start":{"line":268,"column":23},"end":{"line":268,"column":94}},"174":{"start":{"line":269,"column":8},"end":{"line":273,"column":11}},"175":{"start":{"line":275,"column":8},"end":{"line":275,"column":51}},"176":{"start":{"line":279,"column":20},"end":{"line":287,"column":1}},"177":{"start":{"line":280,"column":19},"end":{"line":280,"column":29}},"178":{"start":{"line":281,"column":4},"end":{"line":286,"column":5}},"179":{"start":{"line":282,"column":8},"end":{"line":282,"column":42}},"180":{"start":{"line":283,"column":8},"end":{"line":283,"column":47}},"181":{"start":{"line":285,"column":8},"end":{"line":285,"column":51}},"182":{"start":{"line":289,"column":18},"end":{"line":305,"column":1}},"183":{"start":{"line":290,"column":19},"end":{"line":290,"column":40}},"184":{"start":{"line":291,"column":4},"end":{"line":293,"column":5}},"185":{"start":{"line":292,"column":8},"end":{"line":292,"column":64}},"186":{"start":{"line":294,"column":48},"end":{"line":294,"column":56}},"187":{"start":{"line":295,"column":4},"end":{"line":304,"column":5}},"188":{"start":{"line":296,"column":8},"end":{"line":300,"column":9}},"189":{"start":{"line":297,"column":12},"end":{"line":297,"column":102}},"190":{"start":{"line":299,"column":12},"end":{"line":299,"column":81}},"191":{"start":{"line":301,"column":8},"end":{"line":301,"column":45}},"192":{"start":{"line":303,"column":8},"end":{"line":303,"column":51}},"193":{"start":{"line":307,"column":0},"end":{"line":332,"column":2}}},"fnMap":{"0":{"name":"(anonymous_0)","decl":{"start":{"line":13,"column":20},"end":{"line":13,"column":21}},"loc":{"start":{"line":13,"column":40},"end":{"line":22,"column":1}},"line":13},"1":{"name":"(anonymous_1)","decl":{"start":{"line":15,"column":32},"end":{"line":15,"column":33}},"loc":{"start":{"line":15,"column":38},"end":{"line":20,"column":5}},"line":15},"2":{"name":"(anonymous_2)","decl":{"start":{"line":24,"column":29},"end":{"line":24,"column":30}},"loc":{"start":{"line":24,"column":49},"end":{"line":29,"column":1}},"line":24},"3":{"name":"(anonymous_3)","decl":{"start":{"line":27,"column":18},"end":{"line":27,"column":19}},"loc":{"start":{"line":27,"column":23},"end":{"line":27,"column":59}},"line":27},"4":{"name":"(anonymous_4)","decl":{"start":{"line":31,"column":30},"end":{"line":31,"column":31}},"loc":{"start":{"line":31,"column":50},"end":{"line":36,"column":1}},"line":31},"5":{"name":"(anonymous_5)","decl":{"start":{"line":34,"column":18},"end":{"line":34,"column":19}},"loc":{"start":{"line":34,"column":23},"end":{"line":34,"column":59}},"line":34},"6":{"name":"(anonymous_6)","decl":{"start":{"line":38,"column":30},"end":{"line":38,"column":31}},"loc":{"start":{"line":38,"column":50},"end":{"line":49,"column":1}},"line":38},"7":{"name":"(anonymous_7)","decl":{"start":{"line":51,"column":31},"end":{"line":51,"column":32}},"loc":{"start":{"line":51,"column":51},"end":{"line":54,"column":1}},"line":51},"8":{"name":"(anonymous_8)","decl":{"start":{"line":56,"column":28},"end":{"line":56,"column":29}},"loc":{"start":{"line":56,"column":48},"end":{"line":67,"column":1}},"line":56},"9":{"name":"(anonymous_9)","decl":{"start":{"line":59,"column":22},"end":{"line":59,"column":23}},"loc":{"start":{"line":59,"column":27},"end":{"line":65,"column":5}},"line":59},"10":{"name":"(anonymous_10)","decl":{"start":{"line":69,"column":20},"end":{"line":69,"column":21}},"loc":{"start":{"line":69,"column":40},"end":{"line":76,"column":1}},"line":69},"11":{"name":"(anonymous_11)","decl":{"start":{"line":75,"column":23},"end":{"line":75,"column":24}},"loc":{"start":{"line":75,"column":29},"end":{"line":75,"column":73}},"line":75},"12":{"name":"(anonymous_12)","decl":{"start":{"line":78,"column":19},"end":{"line":78,"column":20}},"loc":{"start":{"line":78,"column":39},"end":{"line":82,"column":1}},"line":78},"13":{"name":"(anonymous_13)","decl":{"start":{"line":84,"column":29},"end":{"line":84,"column":30}},"loc":{"start":{"line":84,"column":43},"end":{"line":87,"column":1}},"line":84},"14":{"name":"(anonymous_14)","decl":{"start":{"line":89,"column":21},"end":{"line":89,"column":22}},"loc":{"start":{"line":89,"column":41},"end":{"line":92,"column":1}},"line":89},"15":{"name":"(anonymous_15)","decl":{"start":{"line":91,"column":22},"end":{"line":91,"column":23}},"loc":{"start":{"line":91,"column":28},"end":{"line":91,"column":65}},"line":91},"16":{"name":"(anonymous_16)","decl":{"start":{"line":94,"column":23},"end":{"line":94,"column":24}},"loc":{"start":{"line":94,"column":43},"end":{"line":97,"column":1}},"line":94},"17":{"name":"(anonymous_17)","decl":{"start":{"line":99,"column":21},"end":{"line":99,"column":22}},"loc":{"start":{"line":99,"column":41},"end":{"line":102,"column":1}},"line":99},"18":{"name":"(anonymous_18)","decl":{"start":{"line":106,"column":23},"end":{"line":106,"column":24}},"loc":{"start":{"line":106,"column":43},"end":{"line":116,"column":1}},"line":106},"19":{"name":"(anonymous_19)","decl":{"start":{"line":118,"column":23},"end":{"line":118,"column":24}},"loc":{"start":{"line":118,"column":43},"end":{"line":126,"column":1}},"line":118},"20":{"name":"(anonymous_20)","decl":{"start":{"line":128,"column":23},"end":{"line":128,"column":24}},"loc":{"start":{"line":128,"column":43},"end":{"line":132,"column":1}},"line":128},"21":{"name":"(anonymous_21)","decl":{"start":{"line":134,"column":17},"end":{"line":134,"column":18}},"loc":{"start":{"line":134,"column":37},"end":{"line":137,"column":1}},"line":134},"22":{"name":"(anonymous_22)","decl":{"start":{"line":139,"column":19},"end":{"line":139,"column":20}},"loc":{"start":{"line":139,"column":39},"end":{"line":153,"column":1}},"line":139},"23":{"name":"(anonymous_23)","decl":{"start":{"line":155,"column":19},"end":{"line":155,"column":20}},"loc":{"start":{"line":155,"column":39},"end":{"line":173,"column":1}},"line":155},"24":{"name":"(anonymous_24)","decl":{"start":{"line":175,"column":19},"end":{"line":175,"column":20}},"loc":{"start":{"line":175,"column":39},"end":{"line":183,"column":1}},"line":175},"25":{"name":"(anonymous_25)","decl":{"start":{"line":185,"column":18},"end":{"line":185,"column":19}},"loc":{"start":{"line":185,"column":38},"end":{"line":217,"column":1}},"line":185},"26":{"name":"(anonymous_26)","decl":{"start":{"line":192,"column":50},"end":{"line":192,"column":51}},"loc":{"start":{"line":192,"column":59},"end":{"line":195,"column":5}},"line":192},"27":{"name":"(anonymous_27)","decl":{"start":{"line":206,"column":38},"end":{"line":206,"column":39}},"loc":{"start":{"line":206,"column":53},"end":{"line":216,"column":5}},"line":206},"28":{"name":"(anonymous_28)","decl":{"start":{"line":219,"column":22},"end":{"line":219,"column":23}},"loc":{"start":{"line":219,"column":42},"end":{"line":257,"column":1}},"line":219},"29":{"name":"(anonymous_29)","decl":{"start":{"line":228,"column":33},"end":{"line":228,"column":34}},"loc":{"start":{"line":228,"column":38},"end":{"line":228,"column":45}},"line":228},"30":{"name":"(anonymous_30)","decl":{"start":{"line":228,"column":54},"end":{"line":228,"column":55}},"loc":{"start":{"line":228,"column":59},"end":{"line":228,"column":79}},"line":228},"31":{"name":"(anonymous_31)","decl":{"start":{"line":234,"column":54},"end":{"line":234,"column":55}},"loc":{"start":{"line":234,"column":63},"end":{"line":237,"column":9}},"line":234},"32":{"name":"(anonymous_32)","decl":{"start":{"line":247,"column":42},"end":{"line":247,"column":43}},"loc":{"start":{"line":247,"column":57},"end":{"line":253,"column":9}},"line":247},"33":{"name":"(anonymous_33)","decl":{"start":{"line":259,"column":18},"end":{"line":259,"column":19}},"loc":{"start":{"line":259,"column":38},"end":{"line":277,"column":1}},"line":259},"34":{"name":"(anonymous_34)","decl":{"start":{"line":279,"column":20},"end":{"line":279,"column":21}},"loc":{"start":{"line":279,"column":40},"end":{"line":287,"column":1}},"line":279},"35":{"name":"(anonymous_35)","decl":{"start":{"line":289,"column":18},"end":{"line":289,"column":19}},"loc":{"start":{"line":289,"column":38},"end":{"line":305,"column":1}},"line":289}},"branchMap":{"0":{"loc":{"start":{"line":11,"column":17},"end":{"line":11,"column":130}},"type":"binary-expr","locations":[{"start":{"line":11,"column":17},"end":{"line":11,"column":37}},{"start":{"line":11,"column":42},"end":{"line":11,"column":129}}],"line":11},"1":{"loc":{"start":{"line":11,"column":42},"end":{"line":11,"column":129}},"type":"cond-expr","locations":[{"start":{"line":11,"column":63},"end":{"line":11,"column":103}},{"start":{"line":11,"column":106},"end":{"line":11,"column":129}}],"line":11},"2":{"loc":{"start":{"line":27,"column":30},"end":{"line":27,"column":48}},"type":"binary-expr","locations":[{"start":{"line":27,"column":30},"end":{"line":27,"column":35}},{"start":{"line":27,"column":39},"end":{"line":27,"column":48}}],"line":27},"3":{"loc":{"start":{"line":34,"column":30},"end":{"line":34,"column":48}},"type":"binary-expr","locations":[{"start":{"line":34,"column":30},"end":{"line":34,"column":35}},{"start":{"line":34,"column":39},"end":{"line":34,"column":48}}],"line":34},"4":{"loc":{"start":{"line":60,"column":8},"end":{"line":64,"column":9}},"type":"if","locations":[{"start":{"line":60,"column":8},"end":{"line":64,"column":9}},{"start":{},"end":{}}],"line":60},"5":{"loc":{"start":{"line":62,"column":26},"end":{"line":62,"column":101}},"type":"cond-expr","locations":[{"start":{"line":62,"column":45},"end":{"line":62,"column":89}},{"start":{"line":62,"column":92},"end":{"line":62,"column":101}}],"line":62},"6":{"loc":{"start":{"line":63,"column":28},"end":{"line":63,"column":45}},"type":"binary-expr","locations":[{"start":{"line":63,"column":28},"end":{"line":63,"column":40}},{"start":{"line":63,"column":44},"end":{"line":63,"column":45}}],"line":63},"7":{"loc":{"start":{"line":75,"column":37},"end":{"line":75,"column":55}},"type":"binary-expr","locations":[{"start":{"line":75,"column":37},"end":{"line":75,"column":42}},{"start":{"line":75,"column":46},"end":{"line":75,"column":55}}],"line":75},"8":{"loc":{"start":{"line":108,"column":4},"end":{"line":110,"column":5}},"type":"if","locations":[{"start":{"line":108,"column":4},"end":{"line":110,"column":5}},{"start":{},"end":{}}],"line":108},"9":{"loc":{"start":{"line":120,"column":4},"end":{"line":122,"column":5}},"type":"if","locations":[{"start":{"line":120,"column":4},"end":{"line":122,"column":5}},{"start":{},"end":{}}],"line":120},"10":{"loc":{"start":{"line":141,"column":4},"end":{"line":143,"column":5}},"type":"if","locations":[{"start":{"line":141,"column":4},"end":{"line":143,"column":5}},{"start":{},"end":{}}],"line":141},"11":{"loc":{"start":{"line":146,"column":4},"end":{"line":146,"column":80}},"type":"if","locations":[{"start":{"line":146,"column":4},"end":{"line":146,"column":80}},{"start":{},"end":{}}],"line":146},"12":{"loc":{"start":{"line":148,"column":17},"end":{"line":148,"column":67}},"type":"binary-expr","locations":[{"start":{"line":148,"column":17},"end":{"line":148,"column":25}},{"start":{"line":148,"column":29},"end":{"line":148,"column":67}}],"line":148},"13":{"loc":{"start":{"line":157,"column":4},"end":{"line":159,"column":5}},"type":"if","locations":[{"start":{"line":157,"column":4},"end":{"line":159,"column":5}},{"start":{},"end":{}}],"line":157},"14":{"loc":{"start":{"line":164,"column":4},"end":{"line":164,"column":72}},"type":"if","locations":[{"start":{"line":164,"column":4},"end":{"line":164,"column":72}},{"start":{},"end":{}}],"line":164},"15":{"loc":{"start":{"line":166,"column":4},"end":{"line":166,"column":43}},"type":"if","locations":[{"start":{"line":166,"column":4},"end":{"line":166,"column":43}},{"start":{},"end":{}}],"line":166},"16":{"loc":{"start":{"line":167,"column":4},"end":{"line":167,"column":31}},"type":"if","locations":[{"start":{"line":167,"column":4},"end":{"line":167,"column":31}},{"start":{},"end":{}}],"line":167},"17":{"loc":{"start":{"line":168,"column":4},"end":{"line":168,"column":34}},"type":"if","locations":[{"start":{"line":168,"column":4},"end":{"line":168,"column":34}},{"start":{},"end":{}}],"line":168},"18":{"loc":{"start":{"line":169,"column":4},"end":{"line":169,"column":92}},"type":"if","locations":[{"start":{"line":169,"column":4},"end":{"line":169,"column":92}},{"start":{},"end":{}}],"line":169},"19":{"loc":{"start":{"line":169,"column":8},"end":{"line":169,"column":42}},"type":"binary-expr","locations":[{"start":{"line":169,"column":8},"end":{"line":169,"column":16}},{"start":{"line":169,"column":20},"end":{"line":169,"column":42}}],"line":169},"20":{"loc":{"start":{"line":187,"column":4},"end":{"line":189,"column":5}},"type":"if","locations":[{"start":{"line":187,"column":4},"end":{"line":189,"column":5}},{"start":{},"end":{}}],"line":187},"21":{"loc":{"start":{"line":192,"column":24},"end":{"line":195,"column":12}},"type":"cond-expr","locations":[{"start":{"line":192,"column":36},"end":{"line":195,"column":7}},{"start":{"line":195,"column":10},"end":{"line":195,"column":12}}],"line":192},"22":{"loc":{"start":{"line":207,"column":8},"end":{"line":207,"column":79}},"type":"if","locations":[{"start":{"line":207,"column":8},"end":{"line":207,"column":79}},{"start":{},"end":{}}],"line":207},"23":{"loc":{"start":{"line":213,"column":8},"end":{"line":213,"column":60}},"type":"if","locations":[{"start":{"line":213,"column":8},"end":{"line":213,"column":60}},{"start":{},"end":{}}],"line":213},"24":{"loc":{"start":{"line":221,"column":4},"end":{"line":223,"column":5}},"type":"if","locations":[{"start":{"line":221,"column":4},"end":{"line":223,"column":5}},{"start":{},"end":{}}],"line":221},"25":{"loc":{"start":{"line":228,"column":59},"end":{"line":228,"column":79}},"type":"binary-expr","locations":[{"start":{"line":228,"column":59},"end":{"line":228,"column":60}},{"start":{"line":228,"column":64},"end":{"line":228,"column":79}}],"line":228},"26":{"loc":{"start":{"line":230,"column":8},"end":{"line":232,"column":9}},"type":"if","locations":[{"start":{"line":230,"column":8},"end":{"line":232,"column":9}},{"start":{},"end":{}}],"line":230},"27":{"loc":{"start":{"line":234,"column":28},"end":{"line":237,"column":16}},"type":"cond-expr","locations":[{"start":{"line":234,"column":40},"end":{"line":237,"column":11}},{"start":{"line":237,"column":14},"end":{"line":237,"column":16}}],"line":234},"28":{"loc":{"start":{"line":248,"column":12},"end":{"line":248,"column":83}},"type":"if","locations":[{"start":{"line":248,"column":12},"end":{"line":248,"column":83}},{"start":{},"end":{}}],"line":248},"29":{"loc":{"start":{"line":261,"column":17},"end":{"line":261,"column":46}},"type":"binary-expr","locations":[{"start":{"line":261,"column":17},"end":{"line":261,"column":41}},{"start":{"line":261,"column":45},"end":{"line":261,"column":46}}],"line":261},"30":{"loc":{"start":{"line":262,"column":18},"end":{"line":262,"column":49}},"type":"binary-expr","locations":[{"start":{"line":262,"column":18},"end":{"line":262,"column":43}},{"start":{"line":262,"column":47},"end":{"line":262,"column":49}}],"line":262},"31":{"loc":{"start":{"line":265,"column":18},"end":{"line":265,"column":42}},"type":"cond-expr","locations":[{"start":{"line":265,"column":27},"end":{"line":265,"column":37}},{"start":{"line":265,"column":40},"end":{"line":265,"column":42}}],"line":265},"32":{"loc":{"start":{"line":291,"column":4},"end":{"line":293,"column":5}},"type":"if","locations":[{"start":{"line":291,"column":4},"end":{"line":293,"column":5}},{"start":{},"end":{}}],"line":291},"33":{"loc":{"start":{"line":296,"column":8},"end":{"line":300,"column":9}},"type":"if","locations":[{"start":{"line":296,"column":8},"end":{"line":300,"column":9}},{"start":{"line":298,"column":15},"end":{"line":300,"column":9}}],"line":296}},"s":{"0":4,"1":4,"2":4,"3":4,"4":4,"5":4,"6":4,"7":4,"8":4,"9":4,"10":4,"11":0,"12":0,"13":0,"14":0,"15":4,"16":0,"17":0,"18":0,"19":0,"20":0,"21":4,"22":0,"23":0,"24":0,"25":0,"26":0,"27":4,"28":0,"29":0,"30":0,"31":0,"32":0,"33":0,"34":0,"35":0,"36":0,"37":4,"38":0,"39":4,"40":0,"41":0,"42":0,"43":0,"44":0,"45":0,"46":0,"47":0,"48":4,"49":0,"50":0,"51":0,"52":4,"53":0,"54":0,"55":4,"56":0,"57":4,"58":0,"59":0,"60":0,"61":4,"62":0,"63":0,"64":4,"65":0,"66":0,"67":4,"68":4,"69":0,"70":0,"71":0,"72":0,"73":0,"74":0,"75":0,"76":0,"77":4,"78":0,"79":0,"80":0,"81":0,"82":0,"83":0,"84":4,"85":0,"86":0,"87":0,"88":4,"89":0,"90":0,"91":4,"92":0,"93":0,"94":0,"95":0,"96":0,"97":0,"98":0,"99":0,"100":0,"101":0,"102":0,"103":0,"104":4,"105":0,"106":0,"107":0,"108":0,"109":0,"110":0,"111":0,"112":0,"113":0,"114":0,"115":0,"116":0,"117":0,"118":0,"119":0,"120":0,"121":0,"122":0,"123":4,"124":0,"125":0,"126":0,"127":0,"128":0,"129":4,"130":0,"131":0,"132":0,"133":0,"134":0,"135":0,"136":0,"137":0,"138":0,"139":0,"140":0,"141":0,"142":0,"143":0,"144":4,"145":1,"146":1,"147":0,"148":1,"149":1,"150":1,"151":1,"152":1,"153":1,"154":1,"155":0,"156":1,"157":0,"158":1,"159":1,"160":1,"161":0,"162":1,"163":1,"164":0,"165":4,"166":0,"167":0,"168":0,"169":0,"170":0,"171":0,"172":0,"173":0,"174":0,"175":0,"176":4,"177":0,"178":0,"179":0,"180":0,"181":0,"182":4,"183":0,"184":0,"185":0,"186":0,"187":0,"188":0,"189":0,"190":0,"191":0,"192":0,"193":4},"f":{"0":0,"1":0,"2":0,"3":0,"4":0,"5":0,"6":0,"7":0,"8":0,"9":0,"10":0,"11":0,"12":0,"13":0,"14":0,"15":0,"16":0,"17":0,"18":0,"19":0,"20":0,"21":0,"22":0,"23":0,"24":0,"25":0,"26":0,"27":0,"28":1,"29":1,"30":1,"31":0,"32":1,"33":0,"34":0,"35":0},"b":{"0":[4,0],"1":[0,0],"2":[0,0],"3":[0,0],"4":[0,0],"5":[0,0],"6":[0,0],"7":[0,0],"8":[0,0],"9":[0,0],"10":[0,0],"11":[0,0],"12":[0,0],"13":[0,0],"14":[0,0],"15":[0,0],"16":[0,0],"17":[0,0],"18":[0,0],"19":[0,0],"20":[0,0],"21":[0,0],"22":[0,0],"23":[0,0],"24":[0,1],"25":[1,1],"26":[0,1],"27":[1,0],"28":[0,1],"29":[0,0],"30":[0,0],"31":[0,0],"32":[0,0],"33":[0,0]},"_coverageSchema":"1a1c01bbd47fc00a2c39e90264f33305004495a9","hash":"5adf62f3cbe0c6b2a0faf624d0dee9460e0b2436"}
,"/Users/chukwukagreatugbome/fedex-clone-educational/backend/controllers/audit.js": {"path":"/Users/chukwukagreatugbome/fedex-clone-educational/backend/controllers/audit.js","statementMap":{"0":{"start":{"line":2,"column":17},"end":{"line":2,"column":46}},"1":{"start":{"line":7,"column":29},"end":{"line":38,"column":1}},"2":{"start":{"line":8,"column":4},"end":{"line":37,"column":5}},"3":{"start":{"line":11,"column":21},"end":{"line":11,"column":73}},"4":{"start":{"line":14,"column":8},"end":{"line":14,"column":50}},"5":{"start":{"line":15,"column":8},"end":{"line":15,"column":86}},"6":{"start":{"line":18,"column":27},"end":{"line":18,"column":73}},"7":{"start":{"line":19,"column":25},"end":{"line":19,"column":52}},"8":{"start":{"line":22,"column":8},"end":{"line":31,"column":11}},"9":{"start":{"line":23,"column":24},"end":{"line":29,"column":13}},"10":{"start":{"line":30,"column":12},"end":{"line":30,"column":47}},"11":{"start":{"line":33,"column":8},"end":{"line":33,"column":48}},"12":{"start":{"line":35,"column":8},"end":{"line":35,"column":50}},"13":{"start":{"line":36,"column":8},"end":{"line":36,"column":85}},"14":{"start":{"line":40,"column":0},"end":{"line":42,"column":2}}},"fnMap":{"0":{"name":"(anonymous_0)","decl":{"start":{"line":7,"column":29},"end":{"line":7,"column":30}},"loc":{"start":{"line":7,"column":49},"end":{"line":38,"column":1}},"line":7},"1":{"name":"(anonymous_1)","decl":{"start":{"line":22,"column":21},"end":{"line":22,"column":22}},"loc":{"start":{"line":22,"column":28},"end":{"line":31,"column":9}},"line":22}},"branchMap":{"0":{"loc":{"start":{"line":24,"column":20},"end":{"line":24,"column":33}},"type":"binary-expr","locations":[{"start":{"line":24,"column":20},"end":{"line":24,"column":27}},{"start":{"line":24,"column":31},"end":{"line":24,"column":33}}],"line":24},"1":{"loc":{"start":{"line":25,"column":20},"end":{"line":25,"column":36}},"type":"binary-expr","locations":[{"start":{"line":25,"column":20},"end":{"line":25,"column":30}},{"start":{"line":25,"column":34},"end":{"line":25,"column":36}}],"line":25},"2":{"loc":{"start":{"line":26,"column":20},"end":{"line":26,"column":40}},"type":"binary-expr","locations":[{"start":{"line":26,"column":20},"end":{"line":26,"column":28}},{"start":{"line":26,"column":32},"end":{"line":26,"column":40}}],"line":26},"3":{"loc":{"start":{"line":27,"column":20},"end":{"line":27,"column":39}},"type":"binary-expr","locations":[{"start":{"line":27,"column":20},"end":{"line":27,"column":30}},{"start":{"line":27,"column":34},"end":{"line":27,"column":39}}],"line":27}},"s":{"0":5,"1":5,"2":1,"3":1,"4":1,"5":1,"6":1,"7":1,"8":1,"9":1,"10":1,"11":1,"12":0,"13":0,"14":5},"f":{"0":1,"1":1},"b":{"0":[1,0],"1":[1,0],"2":[1,0],"3":[1,0]},"_coverageSchema":"1a1c01bbd47fc00a2c39e90264f33305004495a9","hash":"a728dadff6e17109e0da907f6ded7bbafcc81f00"}
,"/Users/chukwukagreatugbome/fedex-clone-educational/backend/controllers/auth.js": {"path":"/Users/chukwukagreatugbome/fedex-clone-educational/backend/controllers/auth.js","statementMap":{"0":{"start":{"line":1,"column":15},"end":{"line":1,"column":34}},"1":{"start":{"line":2,"column":15},"end":{"line":2,"column":32}},"2":{"start":{"line":3,"column":13},"end":{"line":3,"column":38}},"3":{"start":{"line":4,"column":51},"end":{"line":4,"column":76}},"4":{"start":{"line":5,"column":24},"end":{"line":5,"column":52}},"5":{"start":{"line":6,"column":19},"end":{"line":6,"column":40}},"6":{"start":{"line":7,"column":0},"end":{"line":7,"column":27}},"7":{"start":{"line":9,"column":17},"end":{"line":9,"column":119}},"8":{"start":{"line":11,"column":20},"end":{"line":17,"column":2}},"9":{"start":{"line":20,"column":29},"end":{"line":20,"column":57}},"10":{"start":{"line":22,"column":14},"end":{"line":36,"column":1}},"11":{"start":{"line":23,"column":19},"end":{"line":23,"column":40}},"12":{"start":{"line":24,"column":4},"end":{"line":26,"column":5}},"13":{"start":{"line":25,"column":8},"end":{"line":25,"column":64}},"14":{"start":{"line":27,"column":35},"end":{"line":27,"column":43}},"15":{"start":{"line":28,"column":17},"end":{"line":28,"column":49}},"16":{"start":{"line":29,"column":4},"end":{"line":35,"column":5}},"17":{"start":{"line":30,"column":8},"end":{"line":30,"column":116}},"18":{"start":{"line":30,"column":30},"end":{"line":30,"column":116}},"19":{"start":{"line":31,"column":8},"end":{"line":31,"column":68}},"20":{"start":{"line":32,"column":8},"end":{"line":32,"column":97}},"21":{"start":{"line":34,"column":8},"end":{"line":34,"column":63}},"22":{"start":{"line":38,"column":15},"end":{"line":96,"column":1}},"23":{"start":{"line":39,"column":19},"end":{"line":39,"column":40}},"24":{"start":{"line":40,"column":4},"end":{"line":42,"column":5}},"25":{"start":{"line":41,"column":8},"end":{"line":41,"column":64}},"26":{"start":{"line":43,"column":42},"end":{"line":43,"column":50}},"27":{"start":{"line":46,"column":29},"end":{"line":46,"column":61}},"28":{"start":{"line":47,"column":4},"end":{"line":49,"column":5}},"29":{"start":{"line":48,"column":8},"end":{"line":48,"column":74}},"30":{"start":{"line":52,"column":26},"end":{"line":52,"column":55}},"31":{"start":{"line":53,"column":4},"end":{"line":55,"column":5}},"32":{"start":{"line":54,"column":8},"end":{"line":54,"column":75}},"33":{"start":{"line":58,"column":4},"end":{"line":60,"column":5}},"34":{"start":{"line":59,"column":8},"end":{"line":59,"column":156}},"35":{"start":{"line":62,"column":30},"end":{"line":62,"column":68}},"36":{"start":{"line":63,"column":27},"end":{"line":63,"column":58}},"37":{"start":{"line":64,"column":20},"end":{"line":64,"column":127}},"38":{"start":{"line":65,"column":4},"end":{"line":65,"column":25}},"39":{"start":{"line":67,"column":4},"end":{"line":67,"column":61}},"40":{"start":{"line":70,"column":23},"end":{"line":70,"column":70}},"41":{"start":{"line":71,"column":24},"end":{"line":81,"column":5}},"42":{"start":{"line":83,"column":4},"end":{"line":85,"column":7}},"43":{"start":{"line":84,"column":8},"end":{"line":84,"column":50}},"44":{"start":{"line":84,"column":17},"end":{"line":84,"column":50}},"45":{"start":{"line":88,"column":24},"end":{"line":88,"column":83}},"46":{"start":{"line":91,"column":4},"end":{"line":95,"column":7}},"47":{"start":{"line":98,"column":23},"end":{"line":133,"column":1}},"48":{"start":{"line":99,"column":19},"end":{"line":99,"column":40}},"49":{"start":{"line":100,"column":4},"end":{"line":102,"column":5}},"50":{"start":{"line":101,"column":8},"end":{"line":101,"column":64}},"51":{"start":{"line":103,"column":22},"end":{"line":103,"column":30}},"52":{"start":{"line":104,"column":17},"end":{"line":104,"column":46}},"53":{"start":{"line":105,"column":4},"end":{"line":105,"column":88}},"54":{"start":{"line":105,"column":15},"end":{"line":105,"column":88}},"55":{"start":{"line":108,"column":18},"end":{"line":108,"column":56}},"56":{"start":{"line":109,"column":4},"end":{"line":109,"column":28}},"57":{"start":{"line":110,"column":4},"end":{"line":110,"column":49}},"58":{"start":{"line":111,"column":4},"end":{"line":111,"column":22}},"59":{"start":{"line":114,"column":22},"end":{"line":114,"column":56}},"60":{"start":{"line":116,"column":24},"end":{"line":127,"column":5}},"61":{"start":{"line":129,"column":4},"end":{"line":132,"column":7}},"62":{"start":{"line":130,"column":8},"end":{"line":130,"column":79}},"63":{"start":{"line":130,"column":17},"end":{"line":130,"column":79}},"64":{"start":{"line":131,"column":8},"end":{"line":131,"column":63}},"65":{"start":{"line":135,"column":22},"end":{"line":156,"column":1}},"66":{"start":{"line":136,"column":19},"end":{"line":136,"column":40}},"67":{"start":{"line":137,"column":4},"end":{"line":139,"column":5}},"68":{"start":{"line":138,"column":8},"end":{"line":138,"column":64}},"69":{"start":{"line":140,"column":35},"end":{"line":140,"column":43}},"70":{"start":{"line":141,"column":17},"end":{"line":141,"column":97}},"71":{"start":{"line":143,"column":4},"end":{"line":143,"column":82}},"72":{"start":{"line":143,"column":15},"end":{"line":143,"column":82}},"73":{"start":{"line":146,"column":4},"end":{"line":148,"column":5}},"74":{"start":{"line":147,"column":8},"end":{"line":147,"column":156}},"75":{"start":{"line":150,"column":4},"end":{"line":150,"column":55}},"76":{"start":{"line":151,"column":4},"end":{"line":151,"column":32}},"77":{"start":{"line":152,"column":4},"end":{"line":152,"column":38}},"78":{"start":{"line":153,"column":4},"end":{"line":153,"column":22}},"79":{"start":{"line":155,"column":4},"end":{"line":155,"column":76}},"80":{"start":{"line":158,"column":20},"end":{"line":175,"column":1}},"81":{"start":{"line":159,"column":19},"end":{"line":159,"column":40}},"82":{"start":{"line":160,"column":4},"end":{"line":162,"column":5}},"83":{"start":{"line":161,"column":8},"end":{"line":161,"column":64}},"84":{"start":{"line":163,"column":22},"end":{"line":163,"column":30}},"85":{"start":{"line":164,"column":17},"end":{"line":164,"column":65}},"86":{"start":{"line":165,"column":4},"end":{"line":165,"column":82}},"87":{"start":{"line":165,"column":15},"end":{"line":165,"column":82}},"88":{"start":{"line":167,"column":4},"end":{"line":167,"column":27}},"89":{"start":{"line":168,"column":4},"end":{"line":168,"column":39}},"90":{"start":{"line":169,"column":4},"end":{"line":169,"column":22}},"91":{"start":{"line":170,"column":4},"end":{"line":170,"column":84}},"92":{"start":{"line":171,"column":4},"end":{"line":174,"column":7}},"93":{"start":{"line":177,"column":27},"end":{"line":209,"column":1}},"94":{"start":{"line":178,"column":19},"end":{"line":178,"column":40}},"95":{"start":{"line":179,"column":4},"end":{"line":181,"column":5}},"96":{"start":{"line":180,"column":8},"end":{"line":180,"column":64}},"97":{"start":{"line":182,"column":22},"end":{"line":182,"column":30}},"98":{"start":{"line":183,"column":17},"end":{"line":183,"column":46}},"99":{"start":{"line":184,"column":4},"end":{"line":184,"column":72}},"100":{"start":{"line":184,"column":15},"end":{"line":184,"column":72}},"101":{"start":{"line":185,"column":4},"end":{"line":185,"column":92}},"102":{"start":{"line":185,"column":25},"end":{"line":185,"column":92}},"103":{"start":{"line":187,"column":30},"end":{"line":187,"column":68}},"104":{"start":{"line":188,"column":4},"end":{"line":188,"column":47}},"105":{"start":{"line":189,"column":4},"end":{"line":189,"column":22}},"106":{"start":{"line":191,"column":23},"end":{"line":191,"column":70}},"107":{"start":{"line":192,"column":24},"end":{"line":203,"column":5}},"108":{"start":{"line":205,"column":4},"end":{"line":208,"column":7}},"109":{"start":{"line":206,"column":8},"end":{"line":206,"column":79}},"110":{"start":{"line":206,"column":17},"end":{"line":206,"column":79}},"111":{"start":{"line":207,"column":8},"end":{"line":207,"column":57}},"112":{"start":{"line":212,"column":0},"end":{"line":219,"column":2}}},"fnMap":{"0":{"name":"(anonymous_0)","decl":{"start":{"line":22,"column":14},"end":{"line":22,"column":15}},"loc":{"start":{"line":22,"column":34},"end":{"line":36,"column":1}},"line":22},"1":{"name":"(anonymous_1)","decl":{"start":{"line":38,"column":15},"end":{"line":38,"column":16}},"loc":{"start":{"line":38,"column":35},"end":{"line":96,"column":1}},"line":38},"2":{"name":"(anonymous_2)","decl":{"start":{"line":83,"column":38},"end":{"line":83,"column":39}},"loc":{"start":{"line":83,"column":47},"end":{"line":85,"column":5}},"line":83},"3":{"name":"(anonymous_3)","decl":{"start":{"line":98,"column":23},"end":{"line":98,"column":24}},"loc":{"start":{"line":98,"column":43},"end":{"line":133,"column":1}},"line":98},"4":{"name":"(anonymous_4)","decl":{"start":{"line":129,"column":38},"end":{"line":129,"column":39}},"loc":{"start":{"line":129,"column":47},"end":{"line":132,"column":5}},"line":129},"5":{"name":"(anonymous_5)","decl":{"start":{"line":135,"column":22},"end":{"line":135,"column":23}},"loc":{"start":{"line":135,"column":42},"end":{"line":156,"column":1}},"line":135},"6":{"name":"(anonymous_6)","decl":{"start":{"line":158,"column":20},"end":{"line":158,"column":21}},"loc":{"start":{"line":158,"column":40},"end":{"line":175,"column":1}},"line":158},"7":{"name":"(anonymous_7)","decl":{"start":{"line":177,"column":27},"end":{"line":177,"column":28}},"loc":{"start":{"line":177,"column":47},"end":{"line":209,"column":1}},"line":177},"8":{"name":"(anonymous_8)","decl":{"start":{"line":205,"column":38},"end":{"line":205,"column":39}},"loc":{"start":{"line":205,"column":47},"end":{"line":208,"column":5}},"line":205}},"branchMap":{"0":{"loc":{"start":{"line":9,"column":17},"end":{"line":9,"column":119}},"type":"binary-expr","locations":[{"start":{"line":9,"column":17},"end":{"line":9,"column":37}},{"start":{"line":9,"column":42},"end":{"line":9,"column":118}}],"line":9},"1":{"loc":{"start":{"line":9,"column":42},"end":{"line":9,"column":118}},"type":"cond-expr","locations":[{"start":{"line":9,"column":63},"end":{"line":9,"column":92}},{"start":{"line":9,"column":95},"end":{"line":9,"column":118}}],"line":9},"2":{"loc":{"start":{"line":24,"column":4},"end":{"line":26,"column":5}},"type":"if","locations":[{"start":{"line":24,"column":4},"end":{"line":26,"column":5}},{"start":{},"end":{}}],"line":24},"3":{"loc":{"start":{"line":29,"column":4},"end":{"line":35,"column":5}},"type":"if","locations":[{"start":{"line":29,"column":4},"end":{"line":35,"column":5}},{"start":{"line":33,"column":11},"end":{"line":35,"column":5}}],"line":29},"4":{"loc":{"start":{"line":29,"column":8},"end":{"line":29,"column":61}},"type":"binary-expr","locations":[{"start":{"line":29,"column":8},"end":{"line":29,"column":12}},{"start":{"line":29,"column":16},"end":{"line":29,"column":61}}],"line":29},"5":{"loc":{"start":{"line":30,"column":8},"end":{"line":30,"column":116}},"type":"if","locations":[{"start":{"line":30,"column":8},"end":{"line":30,"column":116}},{"start":{},"end":{}}],"line":30},"6":{"loc":{"start":{"line":40,"column":4},"end":{"line":42,"column":5}},"type":"if","locations":[{"start":{"line":40,"column":4},"end":{"line":42,"column":5}},{"start":{},"end":{}}],"line":40},"7":{"loc":{"start":{"line":47,"column":4},"end":{"line":49,"column":5}},"type":"if","locations":[{"start":{"line":47,"column":4},"end":{"line":49,"column":5}},{"start":{},"end":{}}],"line":47},"8":{"loc":{"start":{"line":53,"column":4},"end":{"line":55,"column":5}},"type":"if","locations":[{"start":{"line":53,"column":4},"end":{"line":55,"column":5}},{"start":{},"end":{}}],"line":53},"9":{"loc":{"start":{"line":58,"column":4},"end":{"line":60,"column":5}},"type":"if","locations":[{"start":{"line":58,"column":4},"end":{"line":60,"column":5}},{"start":{},"end":{}}],"line":58},"10":{"loc":{"start":{"line":84,"column":8},"end":{"line":84,"column":50}},"type":"if","locations":[{"start":{"line":84,"column":8},"end":{"line":84,"column":50}},{"start":{},"end":{}}],"line":84},"11":{"loc":{"start":{"line":100,"column":4},"end":{"line":102,"column":5}},"type":"if","locations":[{"start":{"line":100,"column":4},"end":{"line":102,"column":5}},{"start":{},"end":{}}],"line":100},"12":{"loc":{"start":{"line":105,"column":4},"end":{"line":105,"column":88}},"type":"if","locations":[{"start":{"line":105,"column":4},"end":{"line":105,"column":88}},{"start":{},"end":{}}],"line":105},"13":{"loc":{"start":{"line":130,"column":8},"end":{"line":130,"column":79}},"type":"if","locations":[{"start":{"line":130,"column":8},"end":{"line":130,"column":79}},{"start":{},"end":{}}],"line":130},"14":{"loc":{"start":{"line":137,"column":4},"end":{"line":139,"column":5}},"type":"if","locations":[{"start":{"line":137,"column":4},"end":{"line":139,"column":5}},{"start":{},"end":{}}],"line":137},"15":{"loc":{"start":{"line":143,"column":4},"end":{"line":143,"column":82}},"type":"if","locations":[{"start":{"line":143,"column":4},"end":{"line":143,"column":82}},{"start":{},"end":{}}],"line":143},"16":{"loc":{"start":{"line":146,"column":4},"end":{"line":148,"column":5}},"type":"if","locations":[{"start":{"line":146,"column":4},"end":{"line":148,"column":5}},{"start":{},"end":{}}],"line":146},"17":{"loc":{"start":{"line":160,"column":4},"end":{"line":162,"column":5}},"type":"if","locations":[{"start":{"line":160,"column":4},"end":{"line":162,"column":5}},{"start":{},"end":{}}],"line":160},"18":{"loc":{"start":{"line":165,"column":4},"end":{"line":165,"column":82}},"type":"if","locations":[{"start":{"line":165,"column":4},"end":{"line":165,"column":82}},{"start":{},"end":{}}],"line":165},"19":{"loc":{"start":{"line":179,"column":4},"end":{"line":181,"column":5}},"type":"if","locations":[{"start":{"line":179,"column":4},"end":{"line":181,"column":5}},{"start":{},"end":{}}],"line":179},"20":{"loc":{"start":{"line":184,"column":4},"end":{"line":184,"column":72}},"type":"if","locations":[{"start":{"line":184,"column":4},"end":{"line":184,"column":72}},{"start":{},"end":{}}],"line":184},"21":{"loc":{"start":{"line":185,"column":4},"end":{"line":185,"column":92}},"type":"if","locations":[{"start":{"line":185,"column":4},"end":{"line":185,"column":92}},{"start":{},"end":{}}],"line":185},"22":{"loc":{"start":{"line":206,"column":8},"end":{"line":206,"column":79}},"type":"if","locations":[{"start":{"line":206,"column":8},"end":{"line":206,"column":79}},{"start":{},"end":{}}],"line":206}},"s":{"0":4,"1":4,"2":4,"3":4,"4":4,"5":4,"6":4,"7":4,"8":4,"9":4,"10":4,"11":13,"12":13,"13":0,"14":13,"15":13,"16":13,"17":1,"18":0,"19":1,"20":1,"21":12,"22":4,"23":1,"24":1,"25":0,"26":1,"27":1,"28":1,"29":0,"30":1,"31":1,"32":0,"33":1,"34":0,"35":1,"36":1,"37":1,"38":1,"39":1,"40":1,"41":1,"42":1,"43":1,"44":0,"45":1,"46":1,"47":4,"48":0,"49":0,"50":0,"51":0,"52":0,"53":0,"54":0,"55":0,"56":0,"57":0,"58":0,"59":0,"60":0,"61":0,"62":0,"63":0,"64":0,"65":4,"66":0,"67":0,"68":0,"69":0,"70":0,"71":0,"72":0,"73":0,"74":0,"75":0,"76":0,"77":0,"78":0,"79":0,"80":4,"81":0,"82":0,"83":0,"84":0,"85":0,"86":0,"87":0,"88":0,"89":0,"90":0,"91":0,"92":0,"93":4,"94":0,"95":0,"96":0,"97":0,"98":0,"99":0,"100":0,"101":0,"102":0,"103":0,"104":0,"105":0,"106":0,"107":0,"108":0,"109":0,"110":0,"111":0,"112":4},"f":{"0":13,"1":1,"2":1,"3":0,"4":0,"5":0,"6":0,"7":0,"8":0},"b":{"0":[4,0],"1":[0,0],"2":[0,13],"3":[1,12],"4":[13,1],"5":[0,1],"6":[0,1],"7":[0,1],"8":[0,1],"9":[0,1],"10":[0,1],"11":[0,0],"12":[0,0],"13":[0,0],"14":[0,0],"15":[0,0],"16":[0,0],"17":[0,0],"18":[0,0],"19":[0,0],"20":[0,0],"21":[0,0],"22":[0,0]},"_coverageSchema":"1a1c01bbd47fc00a2c39e90264f33305004495a9","hash":"d05a9049565f7d14536de00f7d6be32d3e86b7e9"}
,"/Users/chukwukagreatugbome/fedex-clone-educational/backend/controllers/main.js": {"path":"/Users/chukwukagreatugbome/fedex-clone-educational/backend/controllers/main.js","statementMap":{"0":{"start":{"line":1,"column":17},"end":{"line":1,"column":46}},"1":{"start":{"line":2,"column":16},"end":{"line":2,"column":44}},"2":{"start":{"line":3,"column":15},"end":{"line":3,"column":42}},"3":{"start":{"line":5,"column":23},"end":{"line":13,"column":1}},"4":{"start":{"line":6,"column":4},"end":{"line":12,"column":5}},"5":{"start":{"line":7,"column":25},"end":{"line":7,"column":47}},"6":{"start":{"line":8,"column":8},"end":{"line":8,"column":30}},"7":{"start":{"line":9,"column":8},"end":{"line":9,"column":62}},"8":{"start":{"line":11,"column":8},"end":{"line":11,"column":51}},"9":{"start":{"line":15,"column":20},"end":{"line":24,"column":1}},"10":{"start":{"line":16,"column":4},"end":{"line":23,"column":5}},"11":{"start":{"line":17,"column":25},"end":{"line":17,"column":47}},"12":{"start":{"line":18,"column":28},"end":{"line":18,"column":30}},"13":{"start":{"line":19,"column":8},"end":{"line":19,"column":60}},"14":{"start":{"line":19,"column":30},"end":{"line":19,"column":58}},"15":{"start":{"line":20,"column":8},"end":{"line":20,"column":30}},"16":{"start":{"line":22,"column":8},"end":{"line":22,"column":51}},"17":{"start":{"line":26,"column":23},"end":{"line":30,"column":1}},"18":{"start":{"line":27,"column":27},"end":{"line":27,"column":35}},"19":{"start":{"line":28,"column":4},"end":{"line":28,"column":73}},"20":{"start":{"line":29,"column":4},"end":{"line":29,"column":45}},"21":{"start":{"line":32,"column":23},"end":{"line":40,"column":1}},"22":{"start":{"line":33,"column":4},"end":{"line":39,"column":5}},"23":{"start":{"line":34,"column":23},"end":{"line":34,"column":43}},"24":{"start":{"line":35,"column":8},"end":{"line":35,"column":28}},"25":{"start":{"line":36,"column":8},"end":{"line":36,"column":79}},"26":{"start":{"line":38,"column":8},"end":{"line":38,"column":51}},"27":{"start":{"line":42,"column":0},"end":{"line":47,"column":2}}},"fnMap":{"0":{"name":"(anonymous_0)","decl":{"start":{"line":5,"column":23},"end":{"line":5,"column":24}},"loc":{"start":{"line":5,"column":43},"end":{"line":13,"column":1}},"line":5},"1":{"name":"(anonymous_1)","decl":{"start":{"line":15,"column":20},"end":{"line":15,"column":21}},"loc":{"start":{"line":15,"column":40},"end":{"line":24,"column":1}},"line":15},"2":{"name":"(anonymous_2)","decl":{"start":{"line":19,"column":25},"end":{"line":19,"column":26}},"loc":{"start":{"line":19,"column":30},"end":{"line":19,"column":58}},"line":19},"3":{"name":"(anonymous_3)","decl":{"start":{"line":26,"column":23},"end":{"line":26,"column":24}},"loc":{"start":{"line":26,"column":43},"end":{"line":30,"column":1}},"line":26},"4":{"name":"(anonymous_4)","decl":{"start":{"line":32,"column":23},"end":{"line":32,"column":24}},"loc":{"start":{"line":32,"column":43},"end":{"line":40,"column":1}},"line":32}},"branchMap":{},"s":{"0":4,"1":4,"2":4,"3":4,"4":0,"5":0,"6":0,"7":0,"8":0,"9":4,"10":0,"11":0,"12":0,"13":0,"14":0,"15":0,"16":0,"17":4,"18":0,"19":0,"20":0,"21":4,"22":0,"23":0,"24":0,"25":0,"26":0,"27":4},"f":{"0":0,"1":0,"2":0,"3":0,"4":0},"b":{},"_coverageSchema":"1a1c01bbd47fc00a2c39e90264f33305004495a9","hash":"09f5499ea230a69cb89440965a5e9eeabab89d83"}
,"/Users/chukwukagreatugbome/fedex-clone-educational/backend/controllers/shipment.js": {"path":"/Users/chukwukagreatugbome/fedex-clone-educational/backend/controllers/shipment.js","statementMap":{"0":{"start":{"line":1,"column":17},"end":{"line":1,"column":46}},"1":{"start":{"line":2,"column":24},"end":{"line":2,"column":52}},"2":{"start":{"line":3,"column":28},"end":{"line":3,"column":53}},"3":{"start":{"line":5,"column":29},"end":{"line":5,"column":57}},"4":{"start":{"line":7,"column":23},"end":{"line":23,"column":1}},"5":{"start":{"line":8,"column":19},"end":{"line":8,"column":40}},"6":{"start":{"line":9,"column":4},"end":{"line":11,"column":5}},"7":{"start":{"line":10,"column":8},"end":{"line":10,"column":64}},"8":{"start":{"line":12,"column":28},"end":{"line":12,"column":36}},"9":{"start":{"line":14,"column":21},"end":{"line":14,"column":51}},"10":{"start":{"line":15,"column":4},"end":{"line":15,"column":84}},"11":{"start":{"line":15,"column":18},"end":{"line":15,"column":84}},"12":{"start":{"line":17,"column":24},"end":{"line":17,"column":53}},"13":{"start":{"line":18,"column":4},"end":{"line":18,"column":29}},"14":{"start":{"line":19,"column":4},"end":{"line":21,"column":5}},"15":{"start":{"line":20,"column":8},"end":{"line":20,"column":87}},"16":{"start":{"line":22,"column":4},"end":{"line":22,"column":69}},"17":{"start":{"line":25,"column":23},"end":{"line":45,"column":1}},"18":{"start":{"line":26,"column":19},"end":{"line":26,"column":40}},"19":{"start":{"line":27,"column":4},"end":{"line":29,"column":5}},"20":{"start":{"line":28,"column":8},"end":{"line":28,"column":64}},"21":{"start":{"line":30,"column":19},"end":{"line":30,"column":29}},"22":{"start":{"line":31,"column":20},"end":{"line":31,"column":28}},"23":{"start":{"line":33,"column":21},"end":{"line":33,"column":51}},"24":{"start":{"line":34,"column":4},"end":{"line":34,"column":80}},"25":{"start":{"line":34,"column":19},"end":{"line":34,"column":80}},"26":{"start":{"line":37,"column":4},"end":{"line":40,"column":5}},"27":{"start":{"line":38,"column":8},"end":{"line":38,"column":44}},"28":{"start":{"line":39,"column":8},"end":{"line":39,"column":100}},"29":{"start":{"line":42,"column":4},"end":{"line":42,"column":37}},"30":{"start":{"line":43,"column":4},"end":{"line":43,"column":26}},"31":{"start":{"line":44,"column":4},"end":{"line":44,"column":46}},"32":{"start":{"line":47,"column":23},"end":{"line":58,"column":1}},"33":{"start":{"line":48,"column":19},"end":{"line":48,"column":29}},"34":{"start":{"line":49,"column":4},"end":{"line":57,"column":5}},"35":{"start":{"line":50,"column":23},"end":{"line":50,"column":55}},"36":{"start":{"line":51,"column":8},"end":{"line":53,"column":9}},"37":{"start":{"line":52,"column":12},"end":{"line":52,"column":73}},"38":{"start":{"line":54,"column":8},"end":{"line":54,"column":63}},"39":{"start":{"line":56,"column":8},"end":{"line":56,"column":51}},"40":{"start":{"line":60,"column":22},"end":{"line":68,"column":1}},"41":{"start":{"line":61,"column":19},"end":{"line":61,"column":29}},"42":{"start":{"line":62,"column":17},"end":{"line":62,"column":47}},"43":{"start":{"line":63,"column":4},"end":{"line":67,"column":5}},"44":{"start":{"line":64,"column":8},"end":{"line":64,"column":23}},"45":{"start":{"line":66,"column":8},"end":{"line":66,"column":65}},"46":{"start":{"line":70,"column":24},"end":{"line":73,"column":1}},"47":{"start":{"line":71,"column":18},"end":{"line":71,"column":62}},"48":{"start":{"line":72,"column":4},"end":{"line":72,"column":20}},"49":{"start":{"line":75,"column":24},"end":{"line":78,"column":1}},"50":{"start":{"line":76,"column":18},"end":{"line":76,"column":41}},"51":{"start":{"line":77,"column":4},"end":{"line":77,"column":20}},"52":{"start":{"line":80,"column":0},"end":{"line":87,"column":2}}},"fnMap":{"0":{"name":"(anonymous_0)","decl":{"start":{"line":7,"column":23},"end":{"line":7,"column":24}},"loc":{"start":{"line":7,"column":43},"end":{"line":23,"column":1}},"line":7},"1":{"name":"(anonymous_1)","decl":{"start":{"line":25,"column":23},"end":{"line":25,"column":24}},"loc":{"start":{"line":25,"column":43},"end":{"line":45,"column":1}},"line":25},"2":{"name":"(anonymous_2)","decl":{"start":{"line":47,"column":23},"end":{"line":47,"column":24}},"loc":{"start":{"line":47,"column":43},"end":{"line":58,"column":1}},"line":47},"3":{"name":"(anonymous_3)","decl":{"start":{"line":60,"column":22},"end":{"line":60,"column":23}},"loc":{"start":{"line":60,"column":42},"end":{"line":68,"column":1}},"line":60},"4":{"name":"(anonymous_4)","decl":{"start":{"line":70,"column":24},"end":{"line":70,"column":25}},"loc":{"start":{"line":70,"column":44},"end":{"line":73,"column":1}},"line":70},"5":{"name":"(anonymous_5)","decl":{"start":{"line":75,"column":24},"end":{"line":75,"column":25}},"loc":{"start":{"line":75,"column":44},"end":{"line":78,"column":1}},"line":75}},"branchMap":{"0":{"loc":{"start":{"line":9,"column":4},"end":{"line":11,"column":5}},"type":"if","locations":[{"start":{"line":9,"column":4},"end":{"line":11,"column":5}},{"start":{},"end":{}}],"line":9},"1":{"loc":{"start":{"line":15,"column":4},"end":{"line":15,"column":84}},"type":"if","locations":[{"start":{"line":15,"column":4},"end":{"line":15,"column":84}},{"start":{},"end":{}}],"line":15},"2":{"loc":{"start":{"line":19,"column":4},"end":{"line":21,"column":5}},"type":"if","locations":[{"start":{"line":19,"column":4},"end":{"line":21,"column":5}},{"start":{},"end":{}}],"line":19},"3":{"loc":{"start":{"line":27,"column":4},"end":{"line":29,"column":5}},"type":"if","locations":[{"start":{"line":27,"column":4},"end":{"line":29,"column":5}},{"start":{},"end":{}}],"line":27},"4":{"loc":{"start":{"line":34,"column":4},"end":{"line":34,"column":80}},"type":"if","locations":[{"start":{"line":34,"column":4},"end":{"line":34,"column":80}},{"start":{},"end":{}}],"line":34},"5":{"loc":{"start":{"line":37,"column":4},"end":{"line":40,"column":5}},"type":"if","locations":[{"start":{"line":37,"column":4},"end":{"line":40,"column":5}},{"start":{},"end":{}}],"line":37},"6":{"loc":{"start":{"line":37,"column":8},"end":{"line":37,"column":60}},"type":"binary-expr","locations":[{"start":{"line":37,"column":8},"end":{"line":37,"column":22}},{"start":{"line":37,"column":26},"end":{"line":37,"column":60}}],"line":37},"7":{"loc":{"start":{"line":51,"column":8},"end":{"line":53,"column":9}},"type":"if","locations":[{"start":{"line":51,"column":8},"end":{"line":53,"column":9}},{"start":{},"end":{}}],"line":51},"8":{"loc":{"start":{"line":63,"column":4},"end":{"line":67,"column":5}},"type":"if","locations":[{"start":{"line":63,"column":4},"end":{"line":67,"column":5}},{"start":{"line":65,"column":11},"end":{"line":67,"column":5}}],"line":63}},"s":{"0":4,"1":4,"2":4,"3":4,"4":4,"5":2,"6":2,"7":1,"8":1,"9":1,"10":1,"11":0,"12":1,"13":1,"14":1,"15":0,"16":1,"17":4,"18":0,"19":0,"20":0,"21":0,"22":0,"23":0,"24":0,"25":0,"26":0,"27":0,"28":0,"29":0,"30":0,"31":0,"32":4,"33":0,"34":0,"35":0,"36":0,"37":0,"38":0,"39":0,"40":4,"41":2,"42":2,"43":2,"44":1,"45":1,"46":4,"47":0,"48":0,"49":4,"50":0,"51":0,"52":4},"f":{"0":2,"1":0,"2":0,"3":2,"4":0,"5":0},"b":{"0":[1,1],"1":[0,1],"2":[0,1],"3":[0,0],"4":[0,0],"5":[0,0],"6":[0,0],"7":[0,0],"8":[1,1]},"_coverageSchema":"1a1c01bbd47fc00a2c39e90264f33305004495a9","hash":"919c4736baf13d35db34a5a7a00be450868d0ad6"}
,"/Users/chukwukagreatugbome/fedex-clone-educational/backend/controllers/user.js": {"path":"/Users/chukwukagreatugbome/fedex-clone-educational/backend/controllers/user.js","statementMap":{"0":{"start":{"line":1,"column":13},"end":{"line":1,"column":38}},"1":{"start":{"line":2,"column":17},"end":{"line":2,"column":46}},"2":{"start":{"line":3,"column":17},"end":{"line":3,"column":46}},"3":{"start":{"line":4,"column":15},"end":{"line":4,"column":34}},"4":{"start":{"line":5,"column":24},"end":{"line":5,"column":52}},"5":{"start":{"line":7,"column":19},"end":{"line":12,"column":1}},"6":{"start":{"line":8,"column":25},"end":{"line":8,"column":35}},"7":{"start":{"line":9,"column":17},"end":{"line":9,"column":92}},"8":{"start":{"line":10,"column":4},"end":{"line":10,"column":72}},"9":{"start":{"line":10,"column":15},"end":{"line":10,"column":72}},"10":{"start":{"line":11,"column":4},"end":{"line":11,"column":19}},"11":{"start":{"line":14,"column":29},"end":{"line":14,"column":57}},"12":{"start":{"line":16,"column":22},"end":{"line":38,"column":1}},"13":{"start":{"line":17,"column":19},"end":{"line":17,"column":40}},"14":{"start":{"line":18,"column":4},"end":{"line":20,"column":5}},"15":{"start":{"line":19,"column":8},"end":{"line":19,"column":64}},"16":{"start":{"line":21,"column":25},"end":{"line":21,"column":35}},"17":{"start":{"line":22,"column":45},"end":{"line":22,"column":53}},"18":{"start":{"line":24,"column":17},"end":{"line":24,"column":49}},"19":{"start":{"line":25,"column":4},"end":{"line":25,"column":72}},"20":{"start":{"line":25,"column":15},"end":{"line":25,"column":72}},"21":{"start":{"line":27,"column":4},"end":{"line":27,"column":34}},"22":{"start":{"line":27,"column":15},"end":{"line":27,"column":34}},"23":{"start":{"line":28,"column":4},"end":{"line":32,"column":5}},"24":{"start":{"line":29,"column":25},"end":{"line":29,"column":70}},"25":{"start":{"line":30,"column":8},"end":{"line":30,"column":87}},"26":{"start":{"line":30,"column":22},"end":{"line":30,"column":87}},"27":{"start":{"line":31,"column":8},"end":{"line":31,"column":36}},"28":{"start":{"line":33,"column":4},"end":{"line":33,"column":92}},"29":{"start":{"line":33,"column":44},"end":{"line":33,"column":92}},"30":{"start":{"line":35,"column":4},"end":{"line":35,"column":22}},"31":{"start":{"line":36,"column":4},"end":{"line":36,"column":86}},"32":{"start":{"line":37,"column":4},"end":{"line":37,"column":144}},"33":{"start":{"line":40,"column":22},"end":{"line":51,"column":1}},"34":{"start":{"line":41,"column":25},"end":{"line":41,"column":35}},"35":{"start":{"line":42,"column":4},"end":{"line":50,"column":5}},"36":{"start":{"line":43,"column":23},"end":{"line":43,"column":57}},"37":{"start":{"line":44,"column":8},"end":{"line":46,"column":9}},"38":{"start":{"line":45,"column":12},"end":{"line":45,"column":69}},"39":{"start":{"line":47,"column":8},"end":{"line":47,"column":62}},"40":{"start":{"line":49,"column":8},"end":{"line":49,"column":51}},"41":{"start":{"line":53,"column":25},"end":{"line":57,"column":1}},"42":{"start":{"line":54,"column":25},"end":{"line":54,"column":35}},"43":{"start":{"line":55,"column":18},"end":{"line":55,"column":62}},"44":{"start":{"line":56,"column":4},"end":{"line":56,"column":20}},"45":{"start":{"line":59,"column":24},"end":{"line":73,"column":1}},"46":{"start":{"line":60,"column":25},"end":{"line":60,"column":35}},"47":{"start":{"line":61,"column":17},"end":{"line":61,"column":46}},"48":{"start":{"line":62,"column":18},"end":{"line":62,"column":48}},"49":{"start":{"line":63,"column":17},"end":{"line":63,"column":35}},"50":{"start":{"line":65,"column":18},"end":{"line":65,"column":61}},"51":{"start":{"line":66,"column":17},"end":{"line":66,"column":98}},"52":{"start":{"line":68,"column":4},"end":{"line":72,"column":7}},"53":{"start":{"line":75,"column":0},"end":{"line":81,"column":2}}},"fnMap":{"0":{"name":"(anonymous_0)","decl":{"start":{"line":7,"column":19},"end":{"line":7,"column":20}},"loc":{"start":{"line":7,"column":39},"end":{"line":12,"column":1}},"line":7},"1":{"name":"(anonymous_1)","decl":{"start":{"line":16,"column":22},"end":{"line":16,"column":23}},"loc":{"start":{"line":16,"column":42},"end":{"line":38,"column":1}},"line":16},"2":{"name":"(anonymous_2)","decl":{"start":{"line":40,"column":22},"end":{"line":40,"column":23}},"loc":{"start":{"line":40,"column":42},"end":{"line":51,"column":1}},"line":40},"3":{"name":"(anonymous_3)","decl":{"start":{"line":53,"column":25},"end":{"line":53,"column":26}},"loc":{"start":{"line":53,"column":45},"end":{"line":57,"column":1}},"line":53},"4":{"name":"(anonymous_4)","decl":{"start":{"line":59,"column":24},"end":{"line":59,"column":25}},"loc":{"start":{"line":59,"column":44},"end":{"line":73,"c
[...]
,"/Users/chukwukagreatugbome/fedex-clone-educational/backend/routes/auth.js": {"path":"/Users/chukwukagreatugbome/fedex-clone-educational/backend/routes/auth.js","statementMap":{"0":{"start":{"line":1,"column":16},"end":{"line":1,"column":34}},"1":{"start":{"line":2,"column":15},"end":{"line":2,"column":31}},"2":{"start":{"line":3,"column":90},"end":{"line":3,"column":120}},"3":{"start":{"line":4,"column":17},"end":{"line":4,"column":45}},"4":{"start":{"line":6,"column":0},"end":{"line":10,"column":2}},"5":{"start":{"line":11,"column":0},"end":{"line":16,"column":2}},"6":{"start":{"line":17,"column":0},"end":{"line":20,"column":2}},"7":{"start":{"line":21,"column":0},"end":{"line":25,"column":2}},"8":{"start":{"line":26,"column":0},"end":{"line":29,"column":2}},"9":{"start":{"line":30,"column":0},"end":{"line":33,"column":2}},"10":{"start":{"line":35,"column":0},"end":{"line":35,"column":24}}},"fnMap":{},"branchMap":{},"s":{"0":4,"1":4,"2":4,"3":4,"4":4,"5":4,"6":4,"7":4,"8":4,"9":4,"10":4},"f":{},"b":{},"_coverageSchema":"1a1c01bbd47fc00a2c39e90264f33305004495a9","hash":"5e8254e0227bf2c4cc99090b450531007c174dee"}
,"/Users/chukwukagreatugbome/fedex-clone-educational/backend/routes/main.js": {"path":"/Users/chukwukagreatugbome/fedex-clone-educational/backend/routes/main.js","statementMap":{"0":{"start":{"line":1,"column":16},"end":{"line":1,"column":34}},"1":{"start":{"line":2,"column":15},"end":{"line":2,"column":31}},"2":{"start":{"line":3,"column":72},"end":{"line":3,"column":102}},"3":{"start":{"line":5,"column":0},"end":{"line":5,"column":41}},"4":{"start":{"line":6,"column":0},"end":{"line":6,"column":37}},"5":{"start":{"line":7,"column":0},"end":{"line":7,"column":40}},"6":{"start":{"line":8,"column":0},"end":{"line":8,"column":39}},"7":{"start":{"line":10,"column":0},"end":{"line":10,"column":24}}},"fnMap":{},"branchMap":{},"s":{"0":4,"1":4,"2":4,"3":4,"4":4,"5":4,"6":4,"7":4},"f":{},"b":{},"_coverageSchema":"1a1c01bbd47fc00a2c39e90264f33305004495a9","hash":"f843377c1d3d2e1ba7f2c4ca9aebc808b7c2f905"}
,"/Users/chukwukagreatugbome/fedex-clone-educational/backend/routes/shipment.js": {"path":"/Users/chukwukagreatugbome/fedex-clone-educational/backend/routes/shipment.js","statementMap":{"0":{"start":{"line":1,"column":16},"end":{"line":1,"column":34}},"1":{"start":{"line":2,"column":15},"end":{"line":2,"column":31}},"2":{"start":{"line":3,"column":91},"end":{"line":3,"column":125}},"3":{"start":{"line":4,"column":17},"end":{"line":4,"column":46}},"4":{"start":{"line":5,"column":34},"end":{"line":5,"column":63}},"5":{"start":{"line":6,"column":24},"end":{"line":6,"column":52}},"6":{"start":{"line":8,"column":0},"end":{"line":16,"column":2}},"7":{"start":{"line":18,"column":0},"end":{"line":23,"column":2}},"8":{"start":{"line":25,"column":0},"end":{"line":25,"column":70}},"9":{"start":{"line":26,"column":0},"end":{"line":26,"column":40}},"10":{"start":{"line":29,"column":0},"end":{"line":44,"column":3}},"11":{"start":{"line":30,"column":4},"end":{"line":43,"column":5}},"12":{"start":{"line":31,"column":24},"end":{"line":31,"column":32}},"13":{"start":{"line":33,"column":8},"end":{"line":35,"column":9}},"14":{"start":{"line":34,"column":12},"end":{"line":34,"column":92}},"15":{"start":{"line":37,"column":23},"end":{"line":37,"column":70}},"16":{"start":{"line":39,"column":8},"end":{"line":39,"column":101}},"17":{"start":{"line":41,"column":8},"end":{"line":41,"column":51}},"18":{"start":{"line":42,"column":8},"end":{"line":42,"column":77}},"19":{"start":{"line":47,"column":0},"end":{"line":65,"column":3}},"20":{"start":{"line":48,"column":4},"end":{"line":64,"column":5}},"21":{"start":{"line":49,"column":32},"end":{"line":49,"column":40}},"22":{"start":{"line":51,"column":8},"end":{"line":53,"column":9}},"23":{"start":{"line":52,"column":12},"end":{"line":52,"column":90}},"24":{"start":{"line":54,"column":8},"end":{"line":56,"column":9}},"25":{"start":{"line":55,"column":12},"end":{"line":55,"column":73}},"26":{"start":{"line":58,"column":23},"end":{"line":58,"column":100}},"27":{"start":{"line":60,"column":8},"end":{"line":60,"column":102}},"28":{"start":{"line":62,"column":8},"end":{"line":62,"column":58}},"29":{"start":{"line":63,"column":8},"end":{"line":63,"column":82}},"30":{"start":{"line":68,"column":0},"end":{"line":94,"column":3}},"31":{"start":{"line":69,"column":4},"end":{"line":93,"column":5}},"32":{"start":{"line":70,"column":21},"end":{"line":70,"column":54}},"33":{"start":{"line":71,"column":22},"end":{"line":71,"column":57}},"34":{"start":{"line":72,"column":23},"end":{"line":72,"column":45}},"35":{"start":{"line":73,"column":23},"end":{"line":73,"column":54}},"36":{"start":{"line":74,"column":22},"end":{"line":74,"column":56}},"37":{"start":{"line":76,"column":22},"end":{"line":76,"column":24}},"38":{"start":{"line":77,"column":8},"end":{"line":83,"column":9}},"39":{"start":{"line":78,"column":12},"end":{"line":82,"column":14}},"40":{"start":{"line":85,"column":26},"end":{"line":85,"column":45}},"41":{"start":{"line":86,"column":21},"end":{"line":86,"column":39}},"42":{"start":{"line":87,"column":22},"end":{"line":87,"column":58}},"43":{"start":{"line":88,"column":26},"end":{"line":88,"column":92}},"44":{"start":{"line":90,"column":8},"end":{"line":90,"column":129}},"45":{"start":{"line":92,"column":8},"end":{"line":92,"column":75}},"46":{"start":{"line":95,"column":0},"end":{"line":95,"column":72}},"47":{"start":{"line":97,"column":0},"end":{"line":97,"column":24}}},"fnMap":{"0":{"name":"(anonymous_0)","decl":{"start":{"line":29,"column":56},"end":{"line":29,"column":57}},"loc":{"start":{"line":29,"column":76},"end":{"line":44,"column":1}},"line":29},"1":{"name":"(anonymous_1)","decl":{"start":{"line":47,"column":60},"end":{"line":47,"column":61}},"loc":{"start":{"line":47,"column":80},"end":{"line":65,"column":1}},"line":47},"2":{"name":"(anonymous_2)","decl":{"start":{"line":68,"column":48},"end":{"line":68,"column":49}},"loc":{"start":{"line":68,"column":68},"end":{"line":94,"column":1}},"line":68}},"branchMap":{"0":{"loc":{"start":{"line":33,"column":8},"end":{"line":35,"column":9}},"type":"if","locations":[{"start":{"line":33,"column":8},"end":{"line":35,"column":9}},{"start":{},"end":{}}],"line":33},"1":{"loc":{"start":{"line":33,"column":12},"end":{"line":33,"column":59}},"type":"binary-expr","locations":[{"start":{"line":33,"column":12},"end":{"line":33,"column":16}},{"start":{"line":33,"column":20},"end":{"line":33,"column":39}},{"start":{"line":33,"column":43},"end":{"line":33,"column":59}}],"line":33},"2":{"loc":{"start":{"line":51,"column":8},"end":{"line":53,"column":9}},"type":"if","locations":[{"start":{"line":51,"column":8},"end":{"line":53,"column":9}},{"start":{},"end":{}}],"line":51},"3":{"loc":{"start":{"line":51,"column":12},"end":{"line":51,"column":59}},"type":"binary-expr","locations":[{"start":{"line":51,"column":12},"end":{"line":51,"column":16}},{"start":{"line":51,"column":20},"end":{"line":51,"column":39}},{"start":{"line":51,"column":43},"end":{"line":51,"column":59}}],"line":51},"4":{"loc":{"start":{"line":54,"column":8},"end":{"line":56,"column":9}},"type":"if","locations":[{"start":{"line":54,"column":8},"end":{"line":56,"column":9}},{"start":{},"end":{}}],"line":54},"5":{"loc":{"start":{"line":70,"column":21},"end":{"line":70,"column":54}},"type":"binary-expr","locations":[{"start":{"line":70,"column":21},"end":{"line":70,"column":49}},{"start":{"line":70,"column":53},"end":{"line":70,"column":54}}],"line":70},"6":{"loc":{"start":{"line":71,"column":22},"end":{"line":71,"column":57}},"type":"binary-expr","locations":[{"start":{"line":71,"column":22},"end":{"line":71,"column":51}},{"start":{"line":71,"column":55},"end":{"line":71,"column":57}}],"line":71},"7":{"loc":{"start":{"line":72,"column":23},"end":{"line":72,"column":45}},"type":"binary-expr","locations":[{"start":{"line":72,"column":23},"end":{"line":72,"column":39}},{"start":{"line":72,"column":43},"end":{"line":72,"column":45}}],"line":72},"8":{"loc":{"start":{"line":73,"column":23},"end":{"line":73,"column":54}},"type":"binary-expr","locations":[{"start":{"line":73,"column":23},"end":{"line":73,"column":39}},{"start":{"line":73,"column":43},"end":{"line":73,"column":54}}],"line":73},"9":{"loc":{"start":{"line":74,"column":22},"end":{"line":74,"column":56}},"type":"cond-expr","locations":[{"start":{"line":74,"column":50},"end":{"line":74,"column":51}},{"start":{"line":74,"column":54},"end":{"line":74,"column":56}}],"line":74},"10":{"loc":{"start":{"line":77,"column":8},"end":{"line":83,"column":9}},"type":"if","locations":[{"start":{"line":77,"column":8},"end":{"line":83,"column":9}},{"start":{},"end":{}}],"line":77},"11":{"loc":{"start":{"line":90,"column":73},"end":{"line":90,"column":102}},"type":"binary-expr","locations":[{"start":{"line":90,"column":73},"end":{"line":90,"column":97}},{"start":{"line":90,"column":101},"end":{"line":90,"column":102}}],"line":90}},"s":{"0":4,"1":4,"2":4,"3":4,"4":4,"5":4,"6":4,"7":4,"8":4,"9":4,"10":4,"11":0,"12":0,"13":0,"14":0,"15":0,"16":0,"17":0,"18":0,"19":4,"20":0,"21":0,"22":0,"23":0,"24":0,"25":0,"26":0,"27":0,"28":0,"29":0,"30":4,"31":1,"32":1,"33":1,"34":1,"35":1,"36":1,"37":1,"38":1,"39":1,"40":1,"41":1,"42":1,"43":1,"44":1,"45":0,"46":4,"47":4},"f":{"0":0,"1":0,"2":1},"b":{"0":[0,0],"1":[0,0,0],"2":[0,0],"3":[0,0,0],"4":[0,0],"5":[1,0],"6":[1,0],"7":[1,0],"8":[1,0],"9":[0,1],"10":[1,0],"11":[1,0]},"_coverageSchema":"1a1c01bbd47fc00a2c39e90264f33305004495a9","hash":"01a9ebc6e0fb3178a74d864e1e8932b6bc5c3db6"}
,"/Users/chukwukagreatugbome/fedex-clone-educational/backend/routes/user.js": {"path":"/Users/chukwukagreatugbome/fedex-clone-educational/backend/routes/user.js","statementMap":{"0":{"start":{"line":1,"column":16},"end":{"line":1,"column":34}},"1":{"start":{"line":2,"column":15},"end":{"line":2,"column":31}},"2":{"start":{"line":3,"column":88},"end":{"line":3,"column":118}},"3":{"start":{"line":4,"column":22},"end":{"line":4,"column":51}},"4":{"start":{"line":5,"column":17},"end":{"line":5,"column":45}},"5":{"start":{"line":6,"column":15},"end":{"line":6,"column":32}},"6":{"start":{"line":7,"column":33},"end":{"line":7,"column":68}},"7":{"start":{"line":8,"column":13},"end":{"line":8,"column":38}},"8":{"start":{"line":10,"column":15},"end":{"line":10,"column":58}},"9":{"start":{"line":12,"column":0},"end":{"line":12,"column":56}},"10":{"start":{"line":14,"column":0},"end":{"line":32,"column":3}},"11":{"start":{"line":15,"column":4},"end":{"line":31,"column":5}},"12":{"start":{"line":16,"column":8},"end":{"line":18,"column":9}},"13":{"start":{"line":17,"column":12},"end":{"line":17,"column":72}},"14":{"start":{"line":19,"column":26},"end":{"line":19,"column":62}},"15":{"start":{"line":22,"column":8},"end":{"line":26,"column":10}},"16":{"start":{"line":28,"column":8},"end":{"line":28,"column":85}},"17":{"start":{"line":30,"column":8},"end":{"line":30,"column":67}},"18":{"start":{"line":35,"column":0},"end":{"line":43,"column":3}},"19":{"start":{"line":36,"column":4},"end":{"line":42,"column":5}},"20":{"start":{"line":37,"column":21},"end":{"line":37,"column":74}},"21":{"start":{"line":38,"column":8},"end":{"line":38,"column":76}},"22":{"start":{"line":38,"column":19},"end":{"line":38,"column":76}},"23":{"start":{"line":39,"column":8},"end":{"line":39,"column":60}},"24":{"start":{"line":41,"column":8},"end":{"line":41,"column":66}},"25":{"start":{"line":45,"column":0},"end":{"line":51,"column":2}},"26":{"start":{"line":52,"column":0},"end":{"line":52,"column":62}},"27":{"start":{"line":53,"column":0},"end":{"line":53,"column":69}},"28":{"start":{"line":54,"column":0},"end":{"line":54,"column":67}},"29":{"start":{"line":56,"column":0},"end":{"line":56,"column":24}}},"fnMap":{"0":{"name":"(anonymous_0)","decl":{"start":{"line":14,"column":77},"end":{"line":14,"column":78}},"loc":{"start":{"line":14,"column":97},"end":{"line":32,"column":1}},"line":14},"1":{"name":"(anonymous_1)","decl":{"start":{"line":35,"column":51},"end":{"line":35,"column":52}},"loc":{"start":{"line":35,"column":71},"end":{"line":43,"column":1}},"line":35}},"branchMap":{"0":{"loc":{"start":{"line":16,"column":8},"end":{"line":18,"column":9}},"type":"if","locations":[{"start":{"line":16,"column":8},"end":{"line":18,"column":9}},{"start":{},"end":{}}],"line":16},"1":{"loc":{"start":{"line":38,"column":8},"end":{"line":38,"column":76}},"type":"if","locations":[{"start":{"line":38,"column":8},"end":{"line":38,"column":76}},{"start":{},"end":{}}],"line":38}},"s":{"0":4,"1":4,"2":4,"3":4,"4":4,"5":4,"6":4,"7":4,"8":4,"9":4,"10":4,"11":0,"12":0,"13":0,"14":0,"15":0,"16":0,"17":0,"18":4,"19":0,"20":0,"21":0,"22":0,"23":0,"24":0,"25":4,"26":4,"27":4,"28":4,"29":4},"f":{"0":0,"1":0},"b":{"0":[0,0],"1":[0,0]},"_coverageSchema":"1a1c01bbd47fc00a2c39e90264f33305004495a9","hash":"fb4d435ce32492b4a0d287e1f448e4793b8778d7"}
,"/Users/chukwukagreatugbome/fedex-clone-educational/backend/utils/activity.js": {"path":"/Users/chukwukagreatugbome/fedex-clone-educational/backend/utils/activity.js","statementMap":{"0":{"start":{"line":1,"column":17},"end":{"line":1,"column":46}},"1":{"start":{"line":4,"column":4},"end":{"line":8,"column":5}},"2":{"start":{"line":5,"column":8},"end":{"line":5,"column":61}},"3":{"start":{"line":7,"column":8},"end":{"line":7,"column":48}},"4":{"start":{"line":11,"column":0},"end":{"line":13,"column":2}}},"fnMap":{"0":{"name":"logActivity","decl":{"start":{"line":3,"column":15},"end":{"line":3,"column":26}},"loc":{"start":{"line":3,"column":54},"end":{"line":9,"column":1}},"line":3}},"branchMap":{},"s":{"0":4,"1":2,"2":2,"3":0,"4":4},"f":{"0":2},"b":{},"_coverageSchema":"1a1c01bbd47fc00a2c39e90264f33305004495a9","hash":"52b6cb902dd719b31d722dbd22a0b03ad1021ad0"}
,"/Users/chukwukagreatugbome/fedex-clone-educational/backend/utils/email.js": {"path":"/Users/chukwukagreatugbome/fedex-clone-educational/backend/utils/email.js","statementMap":{"0":{"start":{"line":1,"column":19},"end":{"line":1,"column":40}},"1":{"start":{"line":2,"column":0},"end":{"line":2,"column":27}},"2":{"start":{"line":4,"column":20},"end":{"line":10,"column":2}},"3":{"start":{"line":13,"column":26},"end":{"line":13,"column":162}},"4":{"start":{"line":14,"column":4},"end":{"line":23,"column":6}},"5":{"start":{"line":27,"column":24},"end":{"line":32,"column":5}},"6":{"start":{"line":33,"column":4},"end":{"line":35,"column":7}},"7":{"start":{"line":34,"column":8},"end":{"line":34,"column":50}},"8":{"start":{"line":34,"column":17},"end":{"line":34,"column":50}},"9":{"start":{"line":38,"column":0},"end":{"line":42,"column":2}}},"fnMap":{"0":{"name":"generateEmailTemplate","decl":{"start":{"line":12,"column":9},"end":{"line":12,"column":30}},"loc":{"start":{"line":12,"column":79},"end":{"line":24,"column":1}},"line":12},"1":{"name":"sendStatusEmail","decl":{"start":{"line":26,"column":9},"end":{"line":26,"column":24}},"loc":{"start":{"line":26,"column":48},"end":{"line":36,"column":1}},"line":26},"2":{"name":"(anonymous_2)","decl":{"start":{"line":33,"column":38},"end":{"line":33,"column":39}},"loc":{"start":{"line":33,"column":47},"end":{"line":35,"column":5}},"line":33}},"branchMap":{"0":{"loc":{"start":{"line":13,"column":26},"end":{"line":13,"column":162}},"type":"binary-expr","locations":[{"start":{"line":13,"column":26},"end":{"line":13,"column":32}},{"start":{"line":13,"column":36},"end":{"line":13,"column":162}}],"line":13},"1":{"loc":{"start":{"line":34,"column":8},"end":{"line":34,"column":50}},"type":"if","locations":[{"start":{"line":34,"column":8},"end":{"line":34,"column":50}},{"start":{},"end":{}}],"line":34}},"s":{"0":4,"1":4,"2":4,"3":2,"4":2,"5":0,"6":0,"7":0,"8":0,"9":4},"f":{"0":2,"1":0,"2":0},"b":{"0":[2,2],"1":[0,0]},"_coverageSchema":"1a1c01bbd47fc00a2c39e90264f33305004495a9","hash":"59645c11c5837a2495bce49ee9d88220ec3218dd"}
,"/Users/chukwukagreatugbome/fedex-clone-educational/backend/utils/firebaseStorage.js": {"path":"/Users/chukwukagreatugbome/fedex-clone-educational/backend/utils/firebaseStorage.js","statementMap":{"0":{"start":{"line":1,"column":14},"end":{"line":1,"column":39}},"1":{"start":{"line":2,"column":15},"end":{"line":2,"column":32}},"2":{"start":{"line":3,"column":13},"end":{"line":3,"column":28}},"3":{"start":{"line":10,"column":29},"end":{"line":41,"column":1}},"4":{"start":{"line":11,"column":2},"end":{"line":11,"column":25}},"5":{"start":{"line":11,"column":13},"end":{"line":11,"column":25}},"6":{"start":{"line":14,"column":21},"end":{"line":14,"column":85}},"7":{"start":{"line":15,"column":17},"end":{"line":15,"column":51}},"8":{"start":{"line":17,"column":21},"end":{"line":17,"column":59}},"9":{"start":{"line":18,"column":20},"end":{"line":18,"column":51}},"10":{"start":{"line":19,"column":19},"end":{"line":19,"column":54}},"11":{"start":{"line":21,"column":21},"end":{"line":21,"column":42}},"12":{"start":{"line":23,"column":21},"end":{"line":27,"column":4}},"13":{"start":{"line":29,"column":2},"end":{"line":40,"column":5}},"14":{"start":{"line":30,"column":4},"end":{"line":32,"column":7}},"15":{"start":{"line":31,"column":6},"end":{"line":31,"column":20}},"16":{"start":{"line":34,"column":4},"end":{"line":37,"column":7}},"17":{"start":{"line":35,"column":6},"end":{"line":35,"column":36}},"18":{"start":{"line":36,"column":6},"end":{"line":36,"column":82}},"19":{"start":{"line":39,"column":4},"end":{"line":39,"column":32}},"20":{"start":{"line":43,"column":0},"end":{"line":43,"column":42}}},"fnMap":{"0":{"name":"(anonymous_0)","decl":{"start":{"line":10,"column":29},"end":{"line":10,"column":30}},"loc":{"start":{"line":10,"column":45},"end":{"line":41,"column":1}},"line":10},"1":{"name":"(anonymous_1)","decl":{"start":{"line":29,"column":21},"end":{"line":29,"column":22}},"loc":{"start":{"line":29,"column":42},"end":{"line":40,"column":3}},"line":29},"2":{"name":"(anonymous_2)","decl":{"start":{"line":30,"column":27},"end":{"line":30,"column":28}},"loc":{"start":{"line":30,"column":38},"end":{"line":32,"column":5}},"line":30},"3":{"name":"(anonymous_3)","decl":{"start":{"line":34,"column":28},"end":{"line":34,"column":29}},"loc":{"start":{"line":34,"column":40},"end":{"line":37,"column":5}},"line":34}},"branchMap":{"0":{"loc":{"start":{"line":11,"column":2},"end":{"line":11,"column":25}},"type":"if","locations":[{"start":{"line":11,"column":2},"end":{"line":11,"column":25}},{"start":{},"end":{}}],"line":11},"1":{"loc":{"start":{"line":14,"column":21},"end":{"line":14,"column":85}},"type":"binary-expr","locations":[{"start":{"line":14,"column":21},"end":{"line":14,"column":56}},{"start":{"line":14,"column":60},"end":{"line":14,"column":85}}],"line":14}},"s":{"0":4,"1":4,"2":4,"3":4,"4":0,"5":0,"6":0,"7":0,"8":0,"9":0,"10":0,"11":0,"12":0,"13":0,"14":0,"15":0,"16":0,"17":0,"18":0,"19":0,"20":4},"f":{"0":0,"1":0,"2":0,"3":0},"b":{"0":[0,0],"1":[0,0]},"_coverageSchema":"1a1c01bbd47fc00a2c39e90264f33305004495a9","hash":"cec90eef3121d77c6a295a3e625460d90b4b753e"}
}
