TN:
SF:server.js
FN:40,(anonymous_0)
FN:59,(anonymous_1)
FN:62,(anonymous_2)
FN:101,(anonymous_3)
FN:130,(anonymous_4)
FN:139,(anonymous_5)
FN:150,(anonymous_6)
FN:157,(anonymous_7)
FN:163,(anonymous_8)
FN:171,(anonymous_9)
FN:194,(anonymous_10)
FN:200,seedDatabase
FNF:12
FNH:4
FNDA:23,(anonymous_0)
FNDA:38,(anonymous_1)
FNDA:0,(anonymous_2)
FNDA:4,(anonymous_3)
FNDA:22,(anonymous_4)
FNDA:0,(anonymous_5)
FNDA:0,(anonymous_6)
FNDA:0,(anonymous_7)
FNDA:0,(anonymous_8)
FNDA:0,(anonymous_9)
FNDA:0,(anonymous_10)
FNDA:0,seedDatabase
DA:1,4
DA:2,4
DA:3,4
DA:4,4
DA:5,4
DA:6,4
DA:7,4
DA:8,4
DA:9,4
DA:10,4
DA:11,4
DA:12,4
DA:13,4
DA:16,4
DA:17,4
DA:18,4
DA:21,4
DA:22,4
DA:23,4
DA:25,0
DA:28,4
DA:29,4
DA:30,4
DA:33,4
DA:34,4
DA:36,4
DA:37,4
DA:40,4
DA:41,23
DA:42,23
DA:43,23
DA:44,23
DA:45,23
DA:48,4
DA:54,4
DA:55,4
DA:56,4
DA:59,4
DA:60,38
DA:61,38
DA:62,0
DA:64,38
DA:68,4
DA:76,4
DA:79,4
DA:87,4
DA:90,4
DA:98,4
DA:101,4
DA:102,4
DA:103,4
DA:104,4
DA:107,0
DA:109,0
DA:110,0
DA:113,0
DA:114,0
DA:116,0
DA:117,0
DA:118,0
DA:119,0
DA:121,0
DA:127,4
DA:130,4
DA:131,22
DA:132,22
DA:136,4
DA:139,4
DA:140,0
DA:141,0
DA:149,4
DA:151,0
DA:152,0
DA:153,0
DA:155,0
DA:158,0
DA:161,4
DA:163,4
DA:164,0
DA:165,0
DA:167,0
DA:168,0
DA:171,4
DA:173,0
DA:176,4
DA:177,4
DA:178,4
DA:179,4
DA:180,4
DA:182,4
DA:183,4
DA:184,4
DA:185,4
DA:186,4
DA:188,4
DA:189,4
DA:192,4
DA:193,0
DA:194,0
DA:195,0
DA:201,0
DA:202,0
DA:203,0
DA:204,0
DA:207,0
DA:208,0
DA:209,0
DA:210,0
DA:228,0
DA:245,0
DA:248,0
DA:249,0
DA:250,0
DA:254,0
DA:258,0
DA:261,0
LF:116
LH:73
BRDA:30,0,0,4
BRDA:30,0,1,4
BRDA:33,1,0,4
BRDA:33,1,1,4
BRDA:33,1,2,4
BRDA:34,2,0,4
BRDA:34,2,1,0
BRDA:34,3,0,0
BRDA:34,3,1,0
BRDA:36,4,0,0
BRDA:36,4,1,4
BRDA:50,5,0,4
BRDA:50,5,1,0
BRDA:50,6,0,0
BRDA:50,6,1,0
BRDA:61,7,0,0
BRDA:61,7,1,38
BRDA:102,8,0,4
BRDA:102,8,1,0
BRDA:107,9,0,0
BRDA:107,9,1,0
BRDA:119,10,0,0
BRDA:119,10,1,0
BRDA:140,11,0,0
BRDA:140,11,1,0
BRDA:152,12,0,0
BRDA:152,12,1,0
BRDA:164,13,0,0
BRDA:164,13,1,0
BRDA:192,14,0,0
BRDA:192,14,1,4
BRDA:202,15,0,0
BRDA:202,15,1,0
BRDA:208,16,0,0
BRDA:208,16,1,0
BRDA:249,17,0,0
BRDA:249,17,1,0
BRF:37
BRH:11
end_of_record
TN:
SF:controllers/admin.js
FN:13,(anonymous_0)
FN:15,(anonymous_1)
FN:24,(anonymous_2)
FN:27,(anonymous_3)
FN:31,(anonymous_4)
FN:34,(anonymous_5)
FN:38,(anonymous_6)
FN:51,(anonymous_7)
FN:56,(anonymous_8)
FN:59,(anonymous_9)
FN:69,(anonymous_10)
FN:75,(anonymous_11)
FN:78,(anonymous_12)
FN:84,(anonymous_13)
FN:89,(anonymous_14)
FN:91,(anonymous_15)
FN:94,(anonymous_16)
FN:99,(anonymous_17)
FN:106,(anonymous_18)
FN:118,(anonymous_19)
FN:128,(anonymous_20)
FN:134,(anonymous_21)
FN:139,(anonymous_22)
FN:155,(anonymous_23)
FN:175,(anonymous_24)
FN:185,(anonymous_25)
FN:192,(anonymous_26)
FN:206,(anonymous_27)
FN:219,(anonymous_28)
FN:228,(anonymous_29)
FN:228,(anonymous_30)
FN:234,(anonymous_31)
FN:247,(anonymous_32)
FN:259,(anonymous_33)
FN:279,(anonymous_34)
FN:289,(anonymous_35)
FNF:36
FNH:4
FNDA:0,(anonymous_0)
FNDA:0,(anonymous_1)
FNDA:0,(anonymous_2)
FNDA:0,(anonymous_3)
FNDA:0,(anonymous_4)
FNDA:0,(anonymous_5)
FNDA:0,(anonymous_6)
FNDA:0,(anonymous_7)
FNDA:0,(anonymous_8)
FNDA:0,(anonymous_9)
FNDA:0,(anonymous_10)
FNDA:0,(anonymous_11)
FNDA:0,(anonymous_12)
FNDA:0,(anonymous_13)
FNDA:0,(anonymous_14)
FNDA:0,(anonymous_15)
FNDA:0,(anonymous_16)
FNDA:0,(anonymous_17)
FNDA:0,(anonymous_18)
FNDA:0,(anonymous_19)
FNDA:0,(anonymous_20)
FNDA:0,(anonymous_21)
FNDA:0,(anonymous_22)
FNDA:0,(anonymous_23)
FNDA:0,(anonymous_24)
FNDA:0,(anonymous_25)
FNDA:0,(anonymous_26)
FNDA:0,(anonymous_27)
FNDA:1,(anonymous_28)
FNDA:1,(anonymous_29)
FNDA:1,(anonymous_30)
FNDA:0,(anonymous_31)
FNDA:1,(anonymous_32)
FNDA:0,(anonymous_33)
FNDA:0,(anonymous_34)
FNDA:0,(anonymous_35)
DA:1,4
DA:2,4
DA:3,4
DA:4,4
DA:5,4
DA:6,4
DA:7,4
DA:8,4
DA:9,4
DA:11,4
DA:13,4
DA:14,0
DA:15,0
DA:21,0
DA:24,4
DA:25,0
DA:26,0
DA:27,0
DA:28,0
DA:31,4
DA:32,0
DA:33,0
DA:34,0
DA:35,0
DA:38,4
DA:39,0
DA:40,0
DA:41,0
DA:42,0
DA:43,0
DA:44,0
DA:46,0
DA:48,0
DA:51,4
DA:53,0
DA:56,4
DA:57,0
DA:58,0
DA:59,0
DA:60,0
DA:61,0
DA:62,0
DA:63,0
DA:66,0
DA:69,4
DA:70,0
DA:75,0
DA:78,4
DA:79,0
DA:81,0
DA:84,4
DA:86,0
DA:89,4
DA:90,0
DA:91,0
DA:94,4
DA:95,0
DA:96,0
DA:99,4
DA:100,0
DA:101,0
DA:104,4
DA:106,4
DA:107,0
DA:108,0
DA:109,0
DA:111,0
DA:112,0
DA:113,0
DA:114,0
DA:115,0
DA:118,4
DA:119,0
DA:120,0
DA:121,0
DA:123,0
DA:124,0
DA:125,0
DA:128,4
DA:129,0
DA:130,0
DA:131,0
DA:134,4
DA:135,0
DA:136,0
DA:139,4
DA:140,0
DA:141,0
DA:142,0
DA:144,0
DA:145,0
DA:146,0
DA:148,0
DA:149,0
DA:150,0
DA:151,0
DA:152,0
DA:155,4
DA:156,0
DA:157,0
DA:158,0
DA:160,0
DA:161,0
DA:163,0
DA:164,0
DA:166,0
DA:167,0
DA:168,0
DA:169,0
DA:171,0
DA:172,0
DA:175,4
DA:176,0
DA:177,0
DA:178,0
DA:179,0
DA:181,0
DA:185,4
DA:186,0
DA:187,0
DA:188,0
DA:190,0
DA:192,0
DA:197,0
DA:206,0
DA:207,0
DA:210,0
DA:213,0
DA:215,0
DA:219,4
DA:220,1
DA:221,1
DA:222,0
DA:224,1
DA:226,1
DA:227,1
DA:228,1
DA:230,1
DA:231,0
DA:234,1
DA:239,1
DA:247,1
DA:248,1
DA:250,1
DA:252,1
DA:255,0
DA:259,4
DA:260,0
DA:261,0
DA:262,0
DA:263,0
DA:265,0
DA:266,0
DA:267,0
DA:268,0
DA:269,0
DA:275,0
DA:279,4
DA:280,0
DA:281,0
DA:282,0
DA:283,0
DA:285,0
DA:289,4
DA:290,0
DA:291,0
DA:292,0
DA:294,0
DA:295,0
DA:296,0
DA:297,0
DA:299,0
DA:301,0
DA:303,0
DA:307,4
LF:175
LH:49
BRDA:11,0,0,4
BRDA:11,0,1,0
BRDA:11,1,0,0
BRDA:11,1,1,0
BRDA:27,2,0,0
BRDA:27,2,1,0
BRDA:34,3,0,0
BRDA:34,3,1,0
BRDA:60,4,0,0
BRDA:60,4,1,0
BRDA:62,5,0,0
BRDA:62,5,1,0
BRDA:63,6,0,0
BRDA:63,6,1,0
BRDA:75,7,0,0
BRDA:75,7,1,0
BRDA:108,8,0,0
BRDA:108,8,1,0
BRDA:120,9,0,0
BRDA:120,9,1,0
BRDA:141,10,0,0
BRDA:141,10,1,0
BRDA:146,11,0,0
BRDA:146,11,1,0
BRDA:148,12,0,0
BRDA:148,12,1,0
BRDA:157,13,0,0
BRDA:157,13,1,0
BRDA:164,14,0,0
BRDA:164,14,1,0
BRDA:166,15,0,0
BRDA:166,15,1,0
BRDA:167,16,0,0
BRDA:167,16,1,0
BRDA:168,17,0,0
BRDA:168,17,1,0
BRDA:169,18,0,0
BRDA:169,18,1,0
BRDA:169,19,0,0
BRDA:169,19,1,0
BRDA:187,20,0,0
BRDA:187,20,1,0
BRDA:192,21,0,0
BRDA:192,21,1,0
BRDA:207,22,0,0
BRDA:207,22,1,0
BRDA:213,23,0,0
BRDA:213,23,1,0
BRDA:221,24,0,0
BRDA:221,24,1,1
BRDA:228,25,0,1
BRDA:228,25,1,1
BRDA:230,26,0,0
BRDA:230,26,1,1
BRDA:234,27,0,1
BRDA:234,27,1,0
BRDA:248,28,0,0
BRDA:248,28,1,1
BRDA:261,29,0,0
BRDA:261,29,1,0
BRDA:262,30,0,0
BRDA:262,30,1,0
BRDA:265,31,0,0
BRDA:265,31,1,0
BRDA:291,32,0,0
BRDA:291,32,1,0
BRDA:296,33,0,0
BRDA:296,33,1,0
BRF:68
BRH:7
end_of_record
TN:
SF:controllers/audit.js
FN:7,(anonymous_0)
FN:22,(anonymous_1)
FNF:2
FNH:2
FNDA:1,(anonymous_0)
FNDA:1,(anonymous_1)
DA:2,5
DA:7,5
DA:8,1
DA:11,1
DA:14,1
DA:15,1
DA:18,1
DA:19,1
DA:22,1
DA:23,1
DA:30,1
DA:33,1
DA:35,0
DA:36,0
DA:40,5
LF:15
LH:13
BRDA:24,0,0,1
BRDA:24,0,1,0
BRDA:25,1,0,1
BRDA:25,1,1,0
BRDA:26,2,0,1
BRDA:26,2,1,0
BRDA:27,3,0,1
BRDA:27,3,1,0
BRF:8
BRH:4
end_of_record
TN:
SF:controllers/auth.js
FN:22,(anonymous_0)
FN:38,(anonymous_1)
FN:83,(anonymous_2)
FN:98,(anonymous_3)
FN:129,(anonymous_4)
FN:135,(anonymous_5)
FN:158,(anonymous_6)
FN:177,(anonymous_7)
FN:205,(anonymous_8)
FNF:9
FNH:3
FNDA:13,(anonymous_0)
FNDA:1,(anonymous_1)
FNDA:1,(anonymous_2)
FNDA:0,(anonymous_3)
FNDA:0,(anonymous_4)
FNDA:0,(anonymous_5)
FNDA:0,(anonymous_6)
FNDA:0,(anonymous_7)
FNDA:0,(anonymous_8)
DA:1,4
DA:2,4
DA:3,4
DA:4,4
DA:5,4
DA:6,4
DA:7,4
DA:9,4
DA:11,4
DA:20,4
DA:22,4
DA:23,13
DA:24,13
DA:25,0
DA:27,13
DA:28,13
DA:29,13
DA:30,1
DA:31,1
DA:32,1
DA:34,12
DA:38,4
DA:39,1
DA:40,1
DA:41,0
DA:43,1
DA:46,1
DA:47,1
DA:48,0
DA:52,1
DA:53,1
DA:54,0
DA:58,1
DA:59,0
DA:62,1
DA:63,1
DA:64,1
DA:65,1
DA:67,1
DA:70,1
DA:71,1
DA:83,1
DA:84,1
DA:88,1
DA:91,1
DA:98,4
DA:99,0
DA:100,0
DA:101,0
DA:103,0
DA:104,0
DA:105,0
DA:108,0
DA:109,0
DA:110,0
DA:111,0
DA:114,0
DA:116,0
DA:129,0
DA:130,0
DA:131,0
DA:135,4
DA:136,0
DA:137,0
DA:138,0
DA:140,0
DA:141,0
DA:143,0
DA:146,0
DA:147,0
DA:150,0
DA:151,0
DA:152,0
DA:153,0
DA:155,0
DA:158,4
DA:159,0
DA:160,0
DA:161,0
DA:163,0
DA:164,0
DA:165,0
DA:167,0
DA:168,0
DA:169,0
DA:170,0
DA:171,0
DA:177,4
DA:178,0
DA:179,0
DA:180,0
DA:182,0
DA:183,0
DA:184,0
DA:185,0
DA:187,0
DA:188,0
DA:189,0
DA:191,0
DA:192,0
DA:205,0
DA:206,0
DA:207,0
DA:212,4
LF:104
LH:45
BRDA:9,0,0,4
BRDA:9,0,1,0
BRDA:9,1,0,0
BRDA:9,1,1,0
BRDA:24,2,0,0
BRDA:24,2,1,13
BRDA:29,3,0,1
BRDA:29,3,1,12
BRDA:29,4,0,13
BRDA:29,4,1,1
BRDA:30,5,0,0
BRDA:30,5,1,1
BRDA:40,6,0,0
BRDA:40,6,1,1
BRDA:47,7,0,0
BRDA:47,7,1,1
BRDA:53,8,0,0
BRDA:53,8,1,1
BRDA:58,9,0,0
BRDA:58,9,1,1
BRDA:84,10,0,0
BRDA:84,10,1,1
BRDA:100,11,0,0
BRDA:100,11,1,0
BRDA:105,12,0,0
BRDA:105,12,1,0
BRDA:130,13,0,0
BRDA:130,13,1,0
BRDA:137,14,0,0
BRDA:137,14,1,0
BRDA:143,15,0,0
BRDA:143,15,1,0
BRDA:146,16,0,0
BRDA:146,16,1,0
BRDA:160,17,0,0
BRDA:160,17,1,0
BRDA:165,18,0,0
BRDA:165,18,1,0
BRDA:179,19,0,0
BRDA:179,19,1,0
BRDA:184,20,0,0
BRDA:184,20,1,0
BRDA:185,21,0,0
BRDA:185,21,1,0
BRDA:206,22,0,0
BRDA:206,22,1,0
BRF:46
BRH:12
end_of_record
TN:
SF:controllers/main.js
FN:5,(anonymous_0)
FN:15,(anonymous_1)
FN:19,(anonymous_2)
FN:26,(anonymous_3)
FN:32,(anonymous_4)
FNF:5
FNH:0
FNDA:0,(anonymous_0)
FNDA:0,(anonymous_1)
FNDA:0,(anonymous_2)
FNDA:0,(anonymous_3)
FNDA:0,(anonymous_4)
DA:1,4
DA:2,4
DA:3,4
DA:5,4
DA:6,0
DA:7,0
DA:8,0
DA:9,0
DA:11,0
DA:15,4
DA:16,0
DA:17,0
DA:18,0
DA:19,0
DA:20,0
DA:22,0
DA:26,4
DA:27,0
DA:28,0
DA:29,0
DA:32,4
DA:33,0
DA:34,0
DA:35,0
DA:36,0
DA:38,0
DA:42,4
LF:27
LH:8
BRF:0
BRH:0
end_of_record
TN:
SF:controllers/shipment.js
FN:7,(anonymous_0)
FN:25,(anonymous_1)
FN:47,(anonymous_2)
FN:60,(anonymous_3)
FN:70,(anonymous_4)
FN:75,(anonymous_5)
FNF:6
FNH:2
FNDA:2,(anonymous_0)
FNDA:0,(anonymous_1)
FNDA:0,(anonymous_2)
FNDA:2,(anonymous_3)
FNDA:0,(anonymous_4)
FNDA:0,(anonymous_5)
DA:1,4
DA:2,4
DA:3,4
DA:5,4
DA:7,4
DA:8,2
DA:9,2
DA:10,1
DA:12,1
DA:14,1
DA:15,1
DA:17,1
DA:18,1
DA:19,1
DA:20,0
DA:22,1
DA:25,4
DA:26,0
DA:27,0
DA:28,0
DA:30,0
DA:31,0
DA:33,0
DA:34,0
DA:37,0
DA:38,0
DA:39,0
DA:42,0
DA:43,0
DA:44,0
DA:47,4
DA:48,0
DA:49,0
DA:50,0
DA:51,0
DA:52,0
DA:54,0
DA:56,0
DA:60,4
DA:61,2
DA:62,2
DA:63,2
DA:64,1
DA:66,1
DA:70,4
DA:71,0
DA:72,0
DA:75,4
DA:76,0
DA:77,0
DA:80,4
LF:51
LH:26
BRDA:9,0,0,1
BRDA:9,0,1,1
BRDA:15,1,0,0
BRDA:15,1,1,1
BRDA:19,2,0,0
BRDA:19,2,1,1
BRDA:27,3,0,0
BRDA:27,3,1,0
BRDA:34,4,0,0
BRDA:34,4,1,0
BRDA:37,5,0,0
BRDA:37,5,1,0
BRDA:37,6,0,0
BRDA:37,6,1,0
BRDA:51,7,0,0
BRDA:51,7,1,0
BRDA:63,8,0,1
BRDA:63,8,1,1
BRF:18
BRH:6
end_of_record
TN:
SF:controllers/user.js
FN:7,(anonymous_0)
FN:16,(anonymous_1)
FN:40,(anonymous_2)
FN:53,(anonymous_3)
FN:59,(anonymous_4)
FNF:5
FNH:0
FNDA:0,(anonymous_0)
FNDA:0,(anonymous_1)
FNDA:0,(anonymous_2)
FNDA:0,(anonymous_3)
FNDA:0,(anonymous_4)
DA:1,4
DA:2,4
DA:3,4
DA:4,4
DA:5,4
DA:7,4
DA:8,0
DA:9,0
DA:10,0
DA:11,0
DA:14,4
DA:16,4
DA:17,0
DA:18,0
DA:19,0
DA:21,0
DA:22,0
DA:24,0
DA:25,0
DA:27,0
DA:28,0
DA:29,0
DA:30,0
DA:31,0
DA:33,0
DA:35,0
DA:36,0
DA:37,0
DA:40,4
DA:41,0
DA:42,0
DA:43,0
DA:44,0
DA:45,0
DA:47,0
DA:49,0
DA:53,4
DA:54,0
DA:55,0
DA:56,0
DA:59,4
DA:60,0
DA:61,0
DA:62,0
DA:63,0
DA:65,0
DA:66,0
DA:68,0
DA:75,4
LF:49
LH:12
BRDA:10,0,0,0
BRDA:10,0,1,0
BRDA:18,1,0,0
BRDA:18,1,1,0
BRDA:25,2,0,0
BRDA:25,2,1,0
BRDA:27,3,0,0
BRDA:27,3,1,0
BRDA:28,4,0,0
BRDA:28,4,1,0
BRDA:28,5,0,0
BRDA:28,5,1,0
BRDA:30,6,0,0
BRDA:30,6,1,0
BRDA:33,7,0,0
BRDA:33,7,1,0
BRDA:33,8,0,0
BRDA:33,8,1,0
BRDA:44,9,0,0
BRDA:44,9,1,0
BRDA:61,10,0,0
BRDA:61,10,1,0
BRDA:62,11,0,0
BRDA:62,11,1,0
BRF:24
BRH:0
end_of_record
TN:
SF:middleware/auth.js
FN:3,(anonymous_0)
FN:24,(anonymous_1)
FNF:2
FNH:2
FNDA:7,(anonymous_0)
FNDA:6,(anonymous_1)
DA:1,4
DA:3,4
DA:4,7
DA:5,7
DA:6,7
DA:7,2
DA:10,5
DA:13,5
DA:16,4
DA:17,4
DA:19,1
DA:20,1
DA:24,4
DA:26,6
DA:27,1
DA:31,5
DA:32,4
DA:34,1
DA:38,4
LF:19
LH:19
BRDA:6,0,0,2
BRDA:6,0,1,5
BRDA:6,1,0,7
BRDA:6,1,1,6
BRDA:26,2,0,1
BRDA:26,2,1,5
BRDA:31,3,0,4
BRDA:31,3,1,1
BRF:8
BRH:8
end_of_record
TN:
SF:models/activity.js
FNF:0
FNH:0
DA:1,4
DA:3,4
DA:10,4
LF:3
LH:3
BRF:0
BRH:0
end_of_record
TN:
SF:models/auditLog.js
FNF:0
FNH:0
DA:1,4
DA:3,4
DA:12,4
LF:3
LH:3
BRF:0
BRH:0
end_of_record
TN:
SF:models/email.js
FNF:0
FNH:0
DA:1,4
DA:3,4
DA:11,4
LF:3
LH:3
BRF:0
BRH:0
end_of_record
TN:
SF:models/feedback.js
FNF:0
FNH:0
DA:1,4
DA:3,4
DA:10,4
LF:3
LH:3
BRF:0
BRH:0
end_of_record
TN:
SF:models/location.js
FNF:0
FNH:0
DA:1,4
DA:3,4
DA:10,4
LF:3
LH:3
BRF:0
BRH:0
end_of_record
TN:
SF:models/pickup.js
FNF:0
FNH:0
DA:1,4
DA:3,4
DA:13,4
LF:3
LH:3
BRF:0
BRH:0
end_of_record
TN:
SF:models/setting.js
FNF:0
FNH:0
DA:1,4
DA:3,4
DA:8,4
LF:3
LH:3
BRF:0
BRH:0
end_of_record
TN:
SF:models/shipment.js
FNF:0
FNH:0
DA:1,4
DA:3,4
DA:26,4
LF:3
LH:3
BRF:0
BRH:0
end_of_record
TN:
SF:models/user.js
FNF:0
FNH:0
DA:1,4
DA:3,4
DA:14,4
LF:3
LH:3
BRF:0
BRH:0
end_of_record
TN:
SF:routes/admin.js
FN:39,(anonymous_0)
FN:44,(anonymous_1)
FN:119,(anonymous_2)
FN:126,(anonymous_3)
FNF:4
FNH:1
FNDA:0,(anonymous_0)
FNDA:0,(anonymous_1)
FNDA:2,(anonymous_2)
FNDA:0,(anonymous_3)
DA:1,4
DA:2,4
DA:28,4
DA:29,4
DA:30,4
DA:31,4
DA:32,4
DA:33,4
DA:34,4
DA:38,4
DA:40,0
DA:41,0
DA:42,0
DA:44,0
DA:46,4
DA:48,4
DA:49,4
DA:50,4
DA:51,4
DA:52,4
DA:53,4
DA:54,4
DA:55,4
DA:56,4
DA:57,4
DA:58,4
DA:59,4
DA:60,4
DA:61,4
DA:69,4
DA:75,4
DA:76,4
DA:77,4
DA:85,4
DA:94,4
DA:95,4
DA:104,4
DA:112,4
DA:113,4
DA:114,4
DA:120,2
DA:121,2
DA:122,0
DA:126,4
DA:127,0
DA:128,0
DA:132,4
LF:47
LH:40
BRDA:41,0,0,0
BRDA:41,0,1,0
BRDA:121,1,0,2
BRDA:121,1,1,0
BRDA:127,2,0,0
BRDA:127,2,1,0
BRF:6
BRH:1
end_of_record
TN:
SF:routes/auth.js
FNF:0
FNH:0
DA:1,4
DA:2,4
DA:3,4
DA:4,4
DA:6,4
DA:11,4
DA:17,4
DA:21,4
DA:26,4
DA:30,4
DA:35,4
LF:11
LH:11
BRF:0
BRH:0
end_of_record
TN:
SF:routes/main.js
FNF:0
FNH:0
DA:1,4
DA:2,4
DA:3,4
DA:5,4
DA:6,4
DA:7,4
DA:8,4
DA:10,4
LF:8
LH:8
BRF:0
BRH:0
end_of_record
TN:
SF:routes/shipment.js
FN:29,(anonymous_0)
FN:47,(anonymous_1)
FN:68,(anonymous_2)
FNF:3
FNH:1
FNDA:0,(anonymous_0)
FNDA:0,(anonymous_1)
FNDA:1,(anonymous_2)
DA:1,4
DA:2,4
DA:3,4
DA:4,4
DA:5,4
DA:6,4
DA:8,4
DA:18,4
DA:25,4
DA:26,4
DA:29,4
DA:30,0
DA:31,0
DA:33,0
DA:34,0
DA:37,0
DA:39,0
DA:41,0
DA:42,0
DA:47,4
DA:48,0
DA:49,0
DA:51,0
DA:52,0
DA:54,0
DA:55,0
DA:58,0
DA:60,0
DA:62,0
DA:63,0
DA:68,4
DA:69,1
DA:70,1
DA:71,1
DA:72,1
DA:73,1
DA:74,1
DA:76,1
DA:77,1
DA:78,1
DA:85,1
DA:86,1
DA:87,1
DA:88,1
DA:90,1
DA:92,0
DA:95,4
DA:97,4
LF:48
LH:29
BRDA:33,0,0,0
BRDA:33,0,1,0
BRDA:33,1,0,0
BRDA:33,1,1,0
BRDA:33,1,2,0
BRDA:51,2,0,0
BRDA:51,2,1,0
BRDA:51,3,0,0
BRDA:51,3,1,0
BRDA:51,3,2,0
BRDA:54,4,0,0
BRDA:54,4,1,0
BRDA:70,5,0,1
BRDA:70,5,1,0
BRDA:71,6,0,1
BRDA:71,6,1,0
BRDA:72,7,0,1
BRDA:72,7,1,0
BRDA:73,8,0,1
BRDA:73,8,1,0
BRDA:74,9,0,0
BRDA:74,9,1,1
BRDA:77,10,0,1
BRDA:77,10,1,0
BRDA:90,11,0,1
BRDA:90,11,1,0
BRF:26
BRH:7
end_of_record
TN:
SF:routes/user.js
FN:14,(anonymous_0)
FN:35,(anonymous_1)
FNF:2
FNH:0
FNDA:0,(anonymous_0)
FNDA:0,(anonymous_1)
DA:1,4
DA:2,4
DA:3,4
DA:4,4
DA:5,4
DA:6,4
DA:7,4
DA:8,4
DA:10,4
DA:12,4
DA:14,4
DA:15,0
DA:16,0
DA:17,0
DA:19,0
DA:22,0
DA:28,0
DA:30,0
DA:35,4
DA:36,0
DA:37,0
DA:38,0
DA:39,0
DA:41,0
DA:45,4
DA:52,4
DA:53,4
DA:54,4
DA:56,4
LF:29
LH:17
BRDA:16,0,0,0
BRDA:16,0,1,0
BRDA:38,1,0,0
BRDA:38,1,1,0
BRF:4
BRH:0
end_of_record
TN:
SF:utils/activity.js
FN:3,logActivity
FNF:1
FNH:1
FNDA:2,logActivity
DA:1,4
DA:4,2
DA:5,2
DA:7,0
DA:11,4
LF:5
LH:4
BRF:0
BRH:0
end_of_record
TN:
SF:utils/email.js
FN:12,generateEmailTemplate
FN:26,sendStatusEmail
FN:33,(anonymous_2)
FNF:3
FNH:1
FNDA:2,generateEmailTemplate
FNDA:0,sendStatusEmail
FNDA:0,(anonymous_2)
DA:1,4
DA:2,4
DA:4,4
DA:13,2
DA:14,2
DA:27,0
DA:33,0
DA:34,0
DA:38,4
LF:9
LH:6
BRDA:13,0,0,2
BRDA:13,0,1,2
BRDA:34,1,0,0
BRDA:34,1,1,0
BRF:4
BRH:2
end_of_record
TN:
SF:utils/firebaseStorage.js
FN:10,(anonymous_0)
FN:29,(anonymous_1)
FN:30,(anonymous_2)
FN:34,(anonymous_3)
FNF:4
FNH:0
FNDA:0,(anonymous_0)
FNDA:0,(anonymous_1)
FNDA:0,(anonymous_2)
FNDA:0,(anonymous_3)
DA:1,4
DA:2,4
DA:3,4
DA:10,4
DA:11,0
DA:14,0
DA:15,0
DA:17,0
DA:18,0
DA:19,0
DA:21,0
DA:23,0
DA:29,0
DA:30,0
DA:31,0
DA:34,0
DA:35,0
DA:36,0
DA:39,0
DA:43,4
LF:20
LH:5
BRDA:11,0,0,0
BRDA:11,0,1,0
BRDA:14,1,0,0
BRDA:14,1,1,0
BRF:4
BRH:0
end_of_record
